<?xml version="1.0" ?>
<coverage version="7.13.2" timestamp="1775089161515" lines-valid="4053" lines-covered="2643" line-rate="0.6521" branches-valid="1718" branches-covered="922" branch-rate="0.5367" complexity="0">
	<!-- Generated by coverage.py: https://coverage.readthedocs.io/en/7.13.2 -->
	<!-- Based on https://raw.githubusercontent.com/cobertura/web/master/htdocs/xml/coverage-04.dtd -->
	<sources>
		<source>/Users/ablack/ohdsi/pyCDMConnector/src/cdmconnector</source>
	</sources>
	<packages>
		<package name="." line-rate="0.6521" branch-rate="0.5367" complexity="0">
			<classes>
				<class name="__init__.py" filename="__init__.py" complexity="0" line-rate="1" branch-rate="1">
					<methods/>
					<lines>
						<line number="11" hits="1"/>
						<line number="39" hits="1"/>
						<line number="42" hits="1"/>
						<line number="64" hits="1"/>
						<line number="75" hits="1"/>
						<line number="88" hits="1"/>
						<line number="95" hits="1"/>
						<line number="103" hits="1"/>
						<line number="110" hits="1"/>
						<line number="118" hits="1"/>
						<line number="123" hits="1"/>
						<line number="165" hits="1"/>
						<line number="174" hits="1"/>
						<line number="175" hits="1"/>
						<line number="185" hits="1"/>
						<line number="204" hits="1"/>
						<line number="223" hits="1"/>
						<line number="247" hits="1"/>
						<line number="249" hits="1"/>
						<line number="480" hits="1"/>
					</lines>
				</class>
				<class name="_circe.py" filename="_circe.py" complexity="0" line-rate="0.791" branch-rate="0.5893">
					<methods/>
					<lines>
						<line number="31" hits="1"/>
						<line number="33" hits="1"/>
						<line number="34" hits="1"/>
						<line number="35" hits="1"/>
						<line number="36" hits="1"/>
						<line number="38" hits="1"/>
						<line number="44" hits="1"/>
						<line number="45" hits="1"/>
						<line number="46" hits="1"/>
						<line number="51" hits="1"/>
						<line number="55" hits="1"/>
						<line number="59" hits="1"/>
						<line number="69" hits="1"/>
						<line number="70" hits="1"/>
						<line number="77" hits="1"/>
						<line number="78" hits="1"/>
						<line number="79" hits="1"/>
						<line number="80" hits="1"/>
						<line number="81" hits="1"/>
						<line number="82" hits="1"/>
						<line number="85" hits="1"/>
						<line number="95" hits="1"/>
						<line number="110" hits="1"/>
						<line number="130" hits="1" branch="true" condition-coverage="100% (2/2)"/>
						<line number="131" hits="1"/>
						<line number="133" hits="1"/>
						<line number="134" hits="1"/>
						<line number="135" hits="1"/>
						<line number="136" hits="1"/>
						<line number="138" hits="1" branch="true" condition-coverage="100% (2/2)"/>
						<line number="139" hits="1"/>
						<line number="141" hits="1" branch="true" condition-coverage="100% (2/2)"/>
						<line number="142" hits="1"/>
						<line number="143" hits="1" branch="true" condition-coverage="100% (2/2)"/>
						<line number="144" hits="1"/>
						<line number="146" hits="1"/>
						<line number="149" hits="1"/>
						<line number="168" hits="1" branch="true" condition-coverage="100% (2/2)"/>
						<line number="169" hits="1"/>
						<line number="171" hits="1"/>
						<line number="172" hits="1"/>
						<line number="173" hits="1"/>
						<line number="174" hits="1"/>
						<line number="176" hits="1" branch="true" condition-coverage="100% (2/2)"/>
						<line number="177" hits="1"/>
						<line number="179" hits="1"/>
						<line number="187" hits="1"/>
						<line number="188" hits="1"/>
						<line number="195" hits="1"/>
						<line number="219" hits="1"/>
						<line number="222" hits="1" branch="true" condition-coverage="100% (2/2)"/>
						<line number="223" hits="1"/>
						<line number="226" hits="1"/>
						<line number="229" hits="1"/>
						<line number="230" hits="1" branch="true" condition-coverage="50% (1/2)" missing-branches="231"/>
						<line number="231" hits="0"/>
						<line number="232" hits="1" branch="true" condition-coverage="50% (1/2)" missing-branches="234"/>
						<line number="233" hits="1"/>
						<line number="234" hits="1" branch="true" condition-coverage="50% (1/2)" missing-branches="235"/>
						<line number="235" hits="0"/>
						<line number="236" hits="1" branch="true" condition-coverage="50% (1/2)" missing-branches="238"/>
						<line number="237" hits="1"/>
						<line number="238" hits="1" branch="true" condition-coverage="50% (1/2)" missing-branches="240"/>
						<line number="239" hits="1"/>
						<line number="240" hits="1" branch="true" condition-coverage="50% (1/2)" missing-branches="242"/>
						<line number="241" hits="1"/>
						<line number="242" hits="1"/>
						<line number="244" hits="1"/>
						<line number="247" hits="1"/>
						<line number="267" hits="1"/>
						<line number="269" hits="1"/>
						<line number="271" hits="1"/>
						<line number="273" hits="1"/>
						<line number="276" hits="1"/>
						<line number="277" hits="1"/>
						<line number="278" hits="1"/>
						<line number="279" hits="1"/>
						<line number="281" hits="1"/>
						<line number="283" hits="1" branch="true" condition-coverage="100% (2/2)"/>
						<line number="284" hits="1"/>
						<line number="285" hits="1"/>
						<line number="289" hits="1"/>
						<line number="290" hits="1" branch="true" condition-coverage="50% (1/2)" missing-branches="291"/>
						<line number="291" hits="0"/>
						<line number="293" hits="1"/>
						<line number="294" hits="1"/>
						<line number="296" hits="1" branch="true" condition-coverage="50% (1/2)" missing-branches="297"/>
						<line number="297" hits="0" branch="true" condition-coverage="0% (0/2)" missing-branches="298,300"/>
						<line number="298" hits="0"/>
						<line number="300" hits="0"/>
						<line number="302" hits="1" branch="true" condition-coverage="50% (1/2)" missing-branches="303"/>
						<line number="303" hits="0"/>
						<line number="305" hits="1"/>
						<line number="307" hits="1"/>
						<line number="308" hits="1"/>
						<line number="318" hits="1"/>
						<line number="365" hits="1" branch="true" condition-coverage="100% (2/2)"/>
						<line number="366" hits="1"/>
						<line number="367" hits="1" branch="true" condition-coverage="100% (2/2)"/>
						<line number="368" hits="1"/>
						<line number="370" hits="1"/>
						<line number="372" hits="1"/>
						<line number="382" hits="1"/>
						<line number="401" hits="1" branch="true" condition-coverage="100% (2/2)"/>
						<line number="402" hits="1"/>
						<line number="405" hits="1" branch="true" condition-coverage="100% (2/2)"/>
						<line number="406" hits="1"/>
						<line number="408" hits="1"/>
						<line number="417" hits="1"/>
						<line number="435" hits="1"/>
						<line number="438" hits="1"/>
						<line number="457" hits="0"/>
						<line number="458" hits="0"/>
						<line number="459" hits="0" branch="true" condition-coverage="0% (0/2)" missing-branches="460,464"/>
						<line number="460" hits="0"/>
						<line number="464" hits="0"/>
						<line number="467" hits="1"/>
						<line number="473" hits="0"/>
						<line number="474" hits="0"/>
						<line number="476" hits="0" branch="true" condition-coverage="0% (0/2)" missing-branches="477,479"/>
						<line number="477" hits="0"/>
						<line number="479" hits="0"/>
						<line number="480" hits="0"/>
						<line number="483" hits="1"/>
						<line number="529" hits="0" branch="true" condition-coverage="0% (0/2)" missing-branches="530,531"/>
						<line number="530" hits="0"/>
						<line number="531" hits="0" branch="true" condition-coverage="0% (0/2)" missing-branches="532,535"/>
						<line number="532" hits="0"/>
						<line number="535" hits="0" branch="true" condition-coverage="0% (0/2)" missing-branches="536,539"/>
						<line number="536" hits="0"/>
						<line number="539" hits="0"/>
						<line number="540" hits="0" branch="true" condition-coverage="0% (0/2)" missing-branches="546,548"/>
						<line number="546" hits="0"/>
						<line number="548" hits="0"/>
					</lines>
				</class>
				<class name="cdm.py" filename="cdm.py" complexity="0" line-rate="0.7981" branch-rate="0.6337">
					<methods/>
					<lines>
						<line number="6" hits="1"/>
						<line number="8" hits="1"/>
						<line number="9" hits="1"/>
						<line number="10" hits="1"/>
						<line number="12" hits="1"/>
						<line number="13" hits="1"/>
						<line number="15" hits="1"/>
						<line number="16" hits="1"/>
						<line number="17" hits="1"/>
						<line number="18" hits="1"/>
						<line number="19" hits="1"/>
						<line number="26" hits="1"/>
						<line number="27" hits="1"/>
						<line number="35" hits="1"/>
						<line number="37" hits="1" branch="true" condition-coverage="50% (1/2)" missing-branches="38"/>
						<line number="38" hits="0"/>
						<line number="41" hits="1"/>
						<line number="59" hits="1"/>
						<line number="61" hits="1" branch="true" condition-coverage="100% (2/2)"/>
						<line number="62" hits="1"/>
						<line number="63" hits="1" branch="true" condition-coverage="100% (2/2)"/>
						<line number="64" hits="1"/>
						<line number="66" hits="1" branch="true" condition-coverage="100% (2/2)"/>
						<line number="67" hits="1"/>
						<line number="70" hits="1" branch="true" condition-coverage="100% (2/2)"/>
						<line number="71" hits="1"/>
						<line number="72" hits="1"/>
						<line number="75" hits="1" branch="true" condition-coverage="50% (1/2)" missing-branches="81"/>
						<line number="76" hits="1"/>
						<line number="77" hits="1" branch="true" condition-coverage="50% (1/2)" missing-branches="79"/>
						<line number="78" hits="1"/>
						<line number="79" hits="0"/>
						<line number="81" hits="0"/>
						<line number="84" hits="1"/>
						<line number="99" hits="1"/>
						<line number="100" hits="1" branch="true" condition-coverage="50% (1/2)" missing-branches="108"/>
						<line number="101" hits="1"/>
						<line number="102" hits="1"/>
						<line number="103" hits="1"/>
						<line number="104" hits="1" branch="true" condition-coverage="50% (1/2)" missing-branches="108"/>
						<line number="105" hits="1"/>
						<line number="106" hits="1"/>
						<line number="107" hits="1"/>
						<line number="108" hits="1"/>
						<line number="111" hits="1"/>
						<line number="126" hits="1"/>
						<line number="127" hits="1" branch="true" condition-coverage="50% (1/2)" missing-branches="140"/>
						<line number="128" hits="1"/>
						<line number="129" hits="1"/>
						<line number="130" hits="1"/>
						<line number="131" hits="1" branch="true" condition-coverage="50% (1/2)" missing-branches="140"/>
						<line number="132" hits="1"/>
						<line number="133" hits="1" branch="true" condition-coverage="50% (1/2)" missing-branches="135"/>
						<line number="134" hits="1"/>
						<line number="135" hits="0"/>
						<line number="136" hits="0" branch="true" condition-coverage="0% (0/2)" missing-branches="137,140"/>
						<line number="137" hits="0"/>
						<line number="138" hits="0"/>
						<line number="139" hits="0"/>
						<line number="140" hits="0"/>
						<line number="143" hits="1"/>
						<line number="149" hits="1"/>
						<line number="179" hits="1"/>
						<line number="180" hits="1"/>
						<line number="181" hits="1"/>
						<line number="182" hits="1"/>
						<line number="183" hits="1"/>
						<line number="184" hits="1"/>
						<line number="185" hits="1"/>
						<line number="187" hits="1"/>
						<line number="188" hits="1"/>
						<line number="190" hits="1"/>
						<line number="192" hits="1"/>
						<line number="193" hits="1"/>
						<line number="195" hits="1"/>
						<line number="197" hits="1"/>
						<line number="198" hits="1"/>
						<line number="200" hits="1"/>
						<line number="202" hits="1"/>
						<line number="203" hits="1"/>
						<line number="205" hits="1"/>
						<line number="207" hits="1"/>
						<line number="208" hits="1"/>
						<line number="210" hits="1"/>
						<line number="212" hits="1"/>
						<line number="213" hits="1"/>
						<line number="215" hits="0"/>
						<line number="217" hits="1"/>
						<line number="218" hits="1"/>
						<line number="220" hits="1"/>
						<line number="222" hits="1"/>
						<line number="223" hits="1"/>
						<line number="225" hits="1" branch="true" condition-coverage="100% (2/2)"/>
						<line number="226" hits="1"/>
						<line number="227" hits="1"/>
						<line number="229" hits="1"/>
						<line number="247" hits="1"/>
						<line number="248" hits="1" branch="true" condition-coverage="100% (2/2)"/>
						<line number="249" hits="1"/>
						<line number="250" hits="1"/>
						<line number="251" hits="1"/>
						<line number="255" hits="1" branch="true" condition-coverage="50% (1/2)" missing-branches="257"/>
						<line number="256" hits="1"/>
						<line number="257" hits="1"/>
						<line number="258" hits="1"/>
						<line number="260" hits="1"/>
						<line number="278" hits="1" branch="true" condition-coverage="50% (1/2)" missing-branches="279"/>
						<line number="279" hits="0"/>
						<line number="280" hits="1" branch="true" condition-coverage="100% (2/2)"/>
						<line number="281" hits="1"/>
						<line number="282" hits="1"/>
						<line number="283" hits="1"/>
						<line number="284" hits="1"/>
						<line number="285" hits="1"/>
						<line number="289" hits="1"/>
						<line number="299" hits="1"/>
						<line number="300" hits="1"/>
						<line number="302" hits="1"/>
						<line number="304" hits="1"/>
						<line number="305" hits="1"/>
						<line number="306" hits="1"/>
						<line number="307" hits="1"/>
						<line number="308" hits="1"/>
						<line number="310" hits="1"/>
						<line number="311" hits="1"/>
						<line number="312" hits="1"/>
						<line number="313" hits="1"/>
						<line number="314" hits="1"/>
						<line number="321" hits="1"/>
						<line number="323" hits="0"/>
						<line number="324" hits="0"/>
						<line number="325" hits="0"/>
						<line number="326" hits="0"/>
						<line number="334" hits="0"/>
						<line number="345" hits="1"/>
						<line number="353" hits="1" branch="true" condition-coverage="50% (1/2)" missing-branches="exit"/>
						<line number="354" hits="1"/>
						<line number="356" hits="1"/>
						<line number="379" hits="1" branch="true" condition-coverage="100% (2/2)"/>
						<line number="380" hits="1" branch="true" condition-coverage="100% (2/2)"/>
						<line number="381" hits="1"/>
						<line number="382" hits="1"/>
						<line number="384" hits="1" branch="true" condition-coverage="50% (1/2)" missing-branches="385"/>
						<line number="385" hits="0"/>
						<line number="386" hits="1"/>
						<line number="390" hits="1"/>
						<line number="392" hits="1"/>
						<line number="410" hits="1"/>
						<line number="411" hits="1"/>
						<line number="412" hits="1" branch="true" condition-coverage="100% (2/2)"/>
						<line number="413" hits="1"/>
						<line number="414" hits="1"/>
						<line number="415" hits="1"/>
						<line number="425" hits="1"/>
						<line number="442" hits="1"/>
						<line number="444" hits="1"/>
						<line number="470" hits="1"/>
						<line number="477" hits="1"/>
						<line number="503" hits="1"/>
						<line number="505" hits="1"/>
						<line number="532" hits="1"/>
						<line number="535" hits="1"/>
						<line number="537" hits="1"/>
						<line number="538" hits="1" branch="true" condition-coverage="50% (1/2)" missing-branches="539"/>
						<line number="539" hits="0"/>
						<line number="540" hits="1"/>
						<line number="541" hits="1"/>
						<line number="542" hits="1" branch="true" condition-coverage="100% (2/2)"/>
						<line number="543" hits="1"/>
						<line number="544" hits="1" branch="true" condition-coverage="100% (2/2)"/>
						<line number="545" hits="1"/>
						<line number="546" hits="1" branch="true" condition-coverage="50% (1/2)" missing-branches="549"/>
						<line number="547" hits="1"/>
						<line number="549" hits="0"/>
						<line number="550" hits="1"/>
						<line number="561" hits="1"/>
						<line number="563" hits="1" branch="true" condition-coverage="100% (2/2)"/>
						<line number="564" hits="1"/>
						<line number="565" hits="1" branch="true" condition-coverage="50% (1/2)" missing-branches="566"/>
						<line number="566" hits="0"/>
						<line number="567" hits="1"/>
						<line number="569" hits="1"/>
						<line number="570" hits="1" branch="true" condition-coverage="100% (2/2)"/>
						<line number="571" hits="1"/>
						<line number="572" hits="1"/>
						<line number="573" hits="1"/>
						<line number="574" hits="1"/>
						<line number="575" hits="1"/>
						<line number="576" hits="1"/>
						<line number="579" hits="1"/>
						<line number="586" hits="1" branch="true" condition-coverage="50% (1/2)" missing-branches="587"/>
						<line number="587" hits="0"/>
						<line number="588" hits="1" branch="true" condition-coverage="50% (1/2)" missing-branches="589"/>
						<line number="589" hits="0"/>
						<line number="590" hits="1"/>
						<line number="591" hits="1" branch="true" condition-coverage="100% (2/2)"/>
						<line number="592" hits="1"/>
						<line number="595" hits="1"/>
						<line number="596" hits="1"/>
						<line number="597" hits="1" branch="true" condition-coverage="50% (1/2)" missing-branches="598"/>
						<line number="598" hits="0"/>
						<line number="601" hits="1" branch="true" condition-coverage="50% (1/2)" missing-branches="602"/>
						<line number="602" hits="0"/>
						<line number="605" hits="1"/>
						<line number="606" hits="1" branch="true" condition-coverage="100% (2/2)"/>
						<line number="607" hits="1"/>
						<line number="608" hits="1"/>
						<line number="609" hits="1"/>
						<line number="610" hits="1"/>
						<line number="611" hits="1" branch="true" condition-coverage="50% (1/2)" missing-branches="612"/>
						<line number="612" hits="0" branch="true" condition-coverage="0% (0/2)" missing-branches="613,614"/>
						<line number="613" hits="0"/>
						<line number="614" hits="0"/>
						<line number="615" hits="1" branch="true" condition-coverage="50% (1/2)" missing-branches="616"/>
						<line number="616" hits="0"/>
						<line number="617" hits="1"/>
						<line number="618" hits="1"/>
						<line number="619" hits="1"/>
						<line number="620" hits="1"/>
						<line number="621" hits="1"/>
						<line number="622" hits="1"/>
						<line number="625" hits="1"/>
						<line number="632" hits="1" branch="true" condition-coverage="100% (2/2)"/>
						<line number="633" hits="1"/>
						<line number="634" hits="1" branch="true" condition-coverage="50% (1/2)" missing-branches="635"/>
						<line number="635" hits="0"/>
						<line number="636" hits="1" branch="true" condition-coverage="50% (1/2)" missing-branches="637"/>
						<line number="637" hits="0"/>
						<line number="638" hits="1"/>
						<line number="640" hits="1"/>
						<line number="641" hits="1" branch="true" condition-coverage="100% (2/2)"/>
						<line number="642" hits="1"/>
						<line number="643" hits="1"/>
						<line number="644" hits="1"/>
						<line number="646" hits="1"/>
						<line number="647" hits="1"/>
						<line number="648" hits="1"/>
						<line number="649" hits="1"/>
						<line number="653" hits="1"/>
						<line number="698" hits="1"/>
						<line number="701" hits="1"/>
						<line number="707" hits="1" branch="true" condition-coverage="50% (1/2)" missing-branches="708"/>
						<line number="708" hits="0"/>
						<line number="709" hits="1"/>
						<line number="710" hits="1"/>
						<line number="711" hits="1" branch="true" condition-coverage="100% (2/2)"/>
						<line number="712" hits="1"/>
						<line number="715" hits="1"/>
						<line number="716" hits="1" branch="true" condition-coverage="100% (2/2)"/>
						<line number="717" hits="1" branch="true" condition-coverage="100% (2/2)"/>
						<line number="718" hits="1"/>
						<line number="721" hits="1"/>
						<line number="722" hits="1"/>
						<line number="723" hits="1" branch="true" condition-coverage="100% (2/2)"/>
						<line number="724" hits="1" branch="true" condition-coverage="50% (1/2)" missing-branches="725"/>
						<line number="725" hits="0"/>
						<line number="728" hits="1"/>
						<line number="735" hits="1"/>
						<line number="736" hits="1"/>
						<line number="737" hits="1" branch="true" condition-coverage="100% (2/2)"/>
						<line number="738" hits="1" branch="true" condition-coverage="50% (1/2)" missing-branches="742"/>
						<line number="739" hits="1"/>
						<line number="742" hits="0"/>
						<line number="743" hits="0"/>
						<line number="747" hits="0"/>
						<line number="751" hits="0"/>
						<line number="752" hits="0"/>
						<line number="753" hits="1"/>
						<line number="756" hits="1"/>
						<line number="794" hits="1"/>
						<line number="795" hits="1"/>
						<line number="797" hits="1"/>
						<line number="798" hits="1"/>
						<line number="799" hits="1"/>
						<line number="800" hits="1"/>
						<line number="801" hits="1"/>
						<line number="802" hits="1"/>
						<line number="803" hits="1"/>
						<line number="804" hits="1"/>
						<line number="805" hits="0"/>
						<line number="806" hits="0"/>
						<line number="811" hits="1"/>
						<line number="812" hits="1" branch="true" condition-coverage="50% (1/2)" missing-branches="813"/>
						<line number="813" hits="0"/>
						<line number="815" hits="1"/>
						<line number="816" hits="1"/>
						<line number="817" hits="1"/>
						<line number="818" hits="1"/>
						<line number="819" hits="1"/>
						<line number="820" hits="1" branch="true" condition-coverage="50% (1/2)" missing-branches="821"/>
						<line number="821" hits="0"/>
						<line number="826" hits="0"/>
						<line number="828" hits="1"/>
						<line number="829" hits="1" branch="true" condition-coverage="100% (2/2)"/>
						<line number="830" hits="1"/>
						<line number="831" hits="1"/>
						<line number="832" hits="1"/>
						<line number="835" hits="1" branch="true" condition-coverage="50% (1/2)" missing-branches="836"/>
						<line number="836" hits="0"/>
						<line number="837" hits="0"/>
						<line number="838" hits="0" branch="true" condition-coverage="0% (0/2)" missing-branches="839,842"/>
						<line number="839" hits="0" branch="true" condition-coverage="0% (0/2)" missing-branches="838,840"/>
						<line number="840" hits="0"/>
						<line number="842" hits="1"/>
						<line number="843" hits="1"/>
						<line number="845" hits="1"/>
						<line number="856" hits="1"/>
						<line number="857" hits="1" branch="true" condition-coverage="100% (2/2)"/>
						<line number="858" hits="1"/>
						<line number="859" hits="1" branch="true" condition-coverage="100% (2/2)"/>
						<line number="860" hits="1"/>
						<line number="861" hits="1"/>
						<line number="862" hits="1"/>
						<line number="864" hits="1"/>
						<line number="867" hits="1"/>
						<line number="896" hits="1"/>
						<line number="899" hits="1"/>
						<line number="900" hits="1"/>
						<line number="901" hits="1"/>
						<line number="902" hits="1" branch="true" condition-coverage="100% (2/2)"/>
						<line number="903" hits="1"/>
						<line number="904" hits="1"/>
						<line number="905" hits="1"/>
						<line number="907" hits="1" branch="true" condition-coverage="100% (2/2)"/>
						<line number="909" hits="1"/>
						<line number="910" hits="1" branch="true" condition-coverage="100% (2/2)"/>
						<line number="911" hits="1" branch="true" condition-coverage="50% (1/2)" missing-branches="912"/>
						<line number="912" hits="0"/>
						<line number="913" hits="1" branch="true" condition-coverage="50% (1/2)" missing-branches="915"/>
						<line number="914" hits="1"/>
						<line number="915" hits="0" branch="true" condition-coverage="0% (0/2)" missing-branches="916,917"/>
						<line number="916" hits="0"/>
						<line number="917" hits="0" branch="true" condition-coverage="0% (0/2)" missing-branches="918,920"/>
						<line number="918" hits="0"/>
						<line number="920" hits="0"/>
						<line number="921" hits="1"/>
						<line number="922" hits="1"/>
						<line number="924" hits="1"/>
						<line number="926" hits="1"/>
						<line number="927" hits="1"/>
						<line number="936" hits="1" branch="true" condition-coverage="50% (1/2)" missing-branches="937"/>
						<line number="937" hits="0" branch="true" condition-coverage="0% (0/2)" missing-branches="938,939"/>
						<line number="938" hits="0"/>
						<line number="939" hits="1"/>
						<line number="942" hits="1"/>
						<line number="944" hits="1"/>
						<line number="947" hits="1"/>
						<line number="949" hits="1"/>
						<line number="952" hits="1"/>
						<line number="954" hits="1"/>
						<line number="957" hits="1"/>
						<line number="970" hits="1" branch="true" condition-coverage="50% (1/2)" missing-branches="972"/>
						<line number="971" hits="1"/>
						<line number="972" hits="0"/>
						<line number="975" hits="1"/>
						<line number="990" hits="1" branch="true" condition-coverage="50% (1/2)" missing-branches="992"/>
						<line number="991" hits="1"/>
						<line number="992" hits="0"/>
						<line number="995" hits="1"/>
						<line number="1020" hits="1" branch="true" condition-coverage="100% (2/2)"/>
						<line number="1021" hits="1"/>
						<line number="1022" hits="1"/>
						<line number="1023" hits="1"/>
						<line number="1024" hits="1"/>
						<line number="1027" hits="1"/>
						<line number="1037" hits="1" branch="true" condition-coverage="50% (1/2)" missing-branches="1038"/>
						<line number="1038" hits="0"/>
						<line number="1039" hits="1"/>
						<line number="1040" hits="1" branch="true" condition-coverage="100% (2/2)"/>
						<line number="1041" hits="1"/>
						<line number="1042" hits="1"/>
						<line number="1043" hits="1" branch="true" condition-coverage="100% (2/2)"/>
						<line number="1044" hits="1"/>
						<line number="1048" hits="1"/>
						<line number="1049" hits="0"/>
						<line number="1052" hits="1"/>
						<line number="1053" hits="1"/>
						<line number="1056" hits="1"/>
						<line number="1057" hits="0"/>
						<line number="1060" hits="1"/>
						<line number="1061" hits="1"/>
						<line number="1064" hits="1"/>
						<line number="1077" hits="1"/>
						<line number="1079" hits="1"/>
						<line number="1092" hits="1"/>
						<line number="1093" hits="1"/>
						<line number="1094" hits="1"/>
						<line number="1095" hits="1"/>
						<line number="1096" hits="0"/>
						<line number="1097" hits="0"/>
						<line number="1100" hits="1"/>
						<line number="1126" hits="1"/>
						<line number="1127" hits="1"/>
						<line number="1129" hits="1" branch="true" condition-coverage="100% (2/2)"/>
						<line number="1130" hits="1"/>
						<line number="1131" hits="1"/>
						<line number="1133" hits="1" branch="true" condition-coverage="100% (2/2)"/>
						<line number="1134" hits="1"/>
						<line number="1138" hits="1"/>
						<line number="1139" hits="1"/>
						<line number="1140" hits="1"/>
						<line number="1144" hits="1"/>
						<line number="1145" hits="1" branch="true" condition-coverage="100% (2/2)"/>
						<line number="1146" hits="1"/>
						<line number="1147" hits="1"/>
						<line number="1148" hits="1"/>
						<line number="1152" hits="1"/>
						<line number="1154" hits="1" branch="true" condition-coverage="100% (2/2)"/>
						<line number="1155" hits="1"/>
						<line number="1158" hits="1"/>
						<line number="1159" hits="1" branch="true" condition-coverage="50% (1/2)" missing-branches="1168"/>
						<line number="1160" hits="1"/>
						<line number="1161" hits="1"/>
						<line number="1162" hits="1"/>
						<line number="1166" hits="1"/>
						<line number="1168" hits="1" branch="true" condition-coverage="50% (1/2)" missing-branches="exit"/>
						<line number="1169" hits="1"/>
						<line number="1175" hits="1"/>
						<line number="1176" hits="1" branch="true" condition-coverage="50% (1/2)" missing-branches="exit"/>
						<line number="1177" hits="1"/>
						<line number="1178" hits="1"/>
						<line number="1179" hits="1"/>
						<line number="1180" hits="1"/>
						<line number="1181" hits="1" branch="true" condition-coverage="50% (1/2)" missing-branches="1187"/>
						<line number="1182" hits="1"/>
						<line number="1187" hits="1"/>
						<line number="1188" hits="1" branch="true" condition-coverage="50% (1/2)" missing-branches="exit"/>
						<line number="1189" hits="1"/>
						<line number="1196" hits="1"/>
						<line number="1215" hits="1"/>
						<line number="1217" hits="1" branch="true" condition-coverage="100% (2/2)"/>
						<line number="1218" hits="1" branch="true" condition-coverage="50% (1/2)" missing-branches="1219"/>
						<line number="1219" hits="0"/>
						<line number="1220" hits="1"/>
						<line number="1221" hits="1"/>
						<line number="1222" hits="1"/>
						<line number="1228" hits="1"/>
						<line number="1229" hits="1"/>
						<line number="1230" hits="1"/>
						<line number="1231" hits="1"/>
						<line number="1232" hits="1"/>
						<line number="1233" hits="1"/>
						<line number="1234" hits="1"/>
						<line number="1235" hits="1"/>
						<line number="1236" hits="1" branch="true" condition-coverage="50% (1/2)" missing-branches="1240"/>
						<line number="1237" hits="1"/>
						<line number="1238" hits="0"/>
						<line number="1239" hits="0"/>
						<line number="1240" hits="1"/>
						<line number="1241" hits="1" branch="true" condition-coverage="50% (1/2)" missing-branches="1242"/>
						<line number="1242" hits="0"/>
						<line number="1251" hits="1"/>
						<line number="1252" hits="1" branch="true" condition-coverage="50% (1/2)" missing-branches="1255"/>
						<line number="1253" hits="1"/>
						<line number="1255" hits="0"/>
						<line number="1256" hits="1" branch="true" condition-coverage="100% (2/2)"/>
						<line number="1261" hits="1" branch="true" condition-coverage="50% (1/2)" missing-branches="1262"/>
						<line number="1262" hits="0"/>
						<line number="1263" hits="1" branch="true" condition-coverage="50% (1/2)" missing-branches="1264"/>
						<line number="1264" hits="0"/>
						<line number="1265" hits="1" branch="true" condition-coverage="50% (1/2)" missing-branches="1266"/>
						<line number="1266" hits="0"/>
						<line number="1267" hits="1"/>
						<line number="1268" hits="1"/>
						<line number="1284" hits="1"/>
						<line number="1285" hits="1"/>
						<line number="1288" hits="1"/>
						<line number="1311" hits="1" branch="true" condition-coverage="100% (2/2)"/>
						<line number="1312" hits="1"/>
						<line number="1314" hits="1"/>
						<line number="1317" hits="1"/>
						<line number="1335" hits="1"/>
						<line number="1337" hits="1"/>
						<line number="1338" hits="1"/>
						<line number="1339" hits="1" branch="true" condition-coverage="100% (2/2)"/>
						<line number="1340" hits="1"/>
						<line number="1341" hits="1"/>
						<line number="1342" hits="1" branch="true" condition-coverage="50% (1/2)" missing-branches="1343"/>
						<line number="1343" hits="0"/>
						<line number="1344" hits="1"/>
						<line number="1345" hits="1"/>
						<line number="1346" hits="1"/>
						<line number="1355" hits="1"/>
						<line number="1358" hits="1"/>
						<line number="1376" hits="1"/>
						<line number="1384" hits="1"/>
						<line number="1415" hits="0" branch="true" condition-coverage="0% (0/2)" missing-branches="1416,1417"/>
						<line number="1416" hits="0"/>
						<line number="1417" hits="0"/>
						<line number="1428" hits="1"/>
						<line number="1442" hits="0" branch="true" condition-coverage="0% (0/2)" missing-branches="1443,1444"/>
						<line number="1443" hits="0"/>
						<line number="1444" hits="0"/>
						<line number="1447" hits="1"/>
						<line number="1454" hits="0"/>
						<line number="1457" hits="1"/>
						<line number="1474" hits="0"/>
						<line number="1477" hits="1"/>
						<line number="1487" hits="0"/>
						<line number="1490" hits="1"/>
						<line number="1510" hits="0"/>
						<line number="1513" hits="1"/>
						<line number="1538" hits="0"/>
						<line number="1541" hits="1"/>
						<line number="1551" hits="0"/>
						<line number="1554" hits="1"/>
						<line number="1567" hits="0"/>
						<line number="1569" hits="0"/>
						<line number="1570" hits="0"/>
						<line number="1571" hits="0"/>
						<line number="1572" hits="0" branch="true" condition-coverage="0% (0/2)" missing-branches="1573,1582"/>
						<line number="1573" hits="0" branch="true" condition-coverage="0% (0/2)" missing-branches="1574,1575"/>
						<line number="1574" hits="0"/>
						<line number="1575" hits="0" branch="true" condition-coverage="0% (0/2)" missing-branches="1576,1577"/>
						<line number="1576" hits="0"/>
						<line number="1577" hits="0" branch="true" condition-coverage="0% (0/2)" missing-branches="1578,1581"/>
						<line number="1578" hits="0"/>
						<line number="1581" hits="0"/>
						<line number="1582" hits="0"/>
						<line number="1590" hits="1"/>
						<line number="1602" hits="0"/>
						<line number="1609" hits="1"/>
						<line number="1624" hits="0"/>
						<line number="1626" hits="0"/>
						<line number="1628" hits="0"/>
						<line number="1629" hits="0"/>
						<line number="1632" hits="1"/>
						<line number="1644" hits="0"/>
						<line number="1646" hits="0"/>
						<line number="1648" hits="0"/>
						<line number="1649" hits="0"/>
						<line number="1652" hits="1"/>
						<line number="1661" hits="0"/>
						<line number="1663" hits="0"/>
						<line number="1665" hits="0"/>
					</lines>
				</class>
				<class name="characteristics.py" filename="characteristics.py" complexity="0" line-rate="0.4457" branch-rate="0.3382">
					<methods/>
					<lines>
						<line number="10" hits="1"/>
						<line number="12" hits="1"/>
						<line number="13" hits="1"/>
						<line number="15" hits="1" branch="true" condition-coverage="50% (1/2)" missing-branches="16"/>
						<line number="16" hits="0"/>
						<line number="20" hits="1"/>
						<line number="21" hits="1"/>
						<line number="22" hits="1"/>
						<line number="25" hits="1"/>
						<line number="37" hits="1"/>
						<line number="39" hits="1"/>
						<line number="41" hits="1" branch="true" condition-coverage="50% (1/2)" missing-branches="42"/>
						<line number="42" hits="0"/>
						<line number="43" hits="1" branch="true" condition-coverage="50% (1/2)" missing-branches="46"/>
						<line number="44" hits="1"/>
						<line number="46" hits="0"/>
						<line number="47" hits="1" branch="true" condition-coverage="50% (1/2)" missing-branches="48"/>
						<line number="48" hits="0"/>
						<line number="49" hits="1"/>
						<line number="52" hits="1"/>
						<line number="64" hits="1" branch="true" condition-coverage="50% (1/2)" missing-branches="65"/>
						<line number="65" hits="0"/>
						<line number="66" hits="1"/>
						<line number="68" hits="1"/>
						<line number="70" hits="1" branch="true" condition-coverage="50% (1/2)" missing-branches="72"/>
						<line number="71" hits="1"/>
						<line number="72" hits="0" branch="true" condition-coverage="0% (0/2)" missing-branches="73,74"/>
						<line number="73" hits="0"/>
						<line number="74" hits="0"/>
						<line number="77" hits="1"/>
						<line number="90" hits="1" branch="true" condition-coverage="100% (2/2)"/>
						<line number="91" hits="1"/>
						<line number="92" hits="1"/>
						<line number="93" hits="1" branch="true" condition-coverage="50% (1/2)" missing-branches="95"/>
						<line number="94" hits="1"/>
						<line number="95" hits="0"/>
						<line number="98" hits="1"/>
						<line number="116" hits="1"/>
						<line number="118" hits="1"/>
						<line number="119" hits="1" branch="true" condition-coverage="50% (1/2)" missing-branches="120"/>
						<line number="120" hits="0"/>
						<line number="121" hits="0" branch="true" condition-coverage="0% (0/2)" missing-branches="122,126"/>
						<line number="122" hits="0" branch="true" condition-coverage="0% (0/2)" missing-branches="123,124"/>
						<line number="123" hits="0"/>
						<line number="124" hits="0"/>
						<line number="126" hits="1" branch="true" condition-coverage="100% (2/2)"/>
						<line number="127" hits="1"/>
						<line number="128" hits="1" branch="true" condition-coverage="100% (2/2)"/>
						<line number="129" hits="1"/>
						<line number="130" hits="1"/>
						<line number="131" hits="1" branch="true" condition-coverage="50% (1/2)" missing-branches="134"/>
						<line number="132" hits="1" branch="true" condition-coverage="100% (2/2)"/>
						<line number="133" hits="1"/>
						<line number="134" hits="1" branch="true" condition-coverage="100% (2/2)"/>
						<line number="136" hits="1"/>
						<line number="137" hits="1"/>
						<line number="140" hits="1"/>
						<line number="161" hits="1"/>
						<line number="163" hits="1"/>
						<line number="164" hits="1"/>
						<line number="165" hits="1"/>
						<line number="168" hits="1" branch="true" condition-coverage="100% (2/2)"/>
						<line number="169" hits="1" branch="true" condition-coverage="50% (1/2)" missing-branches="170"/>
						<line number="170" hits="0"/>
						<line number="171" hits="1" branch="true" condition-coverage="50% (1/2)" missing-branches="172"/>
						<line number="172" hits="0"/>
						<line number="173" hits="1" branch="true" condition-coverage="50% (1/2)" missing-branches="178"/>
						<line number="174" hits="1"/>
						<line number="178" hits="0"/>
						<line number="180" hits="1" branch="true" condition-coverage="100% (2/2)"/>
						<line number="181" hits="1" branch="true" condition-coverage="50% (1/2)" missing-branches="182"/>
						<line number="182" hits="0"/>
						<line number="185" hits="1"/>
						<line number="191" hits="1" branch="true" condition-coverage="50% (1/2)" missing-branches="196"/>
						<line number="192" hits="1"/>
						<line number="193" hits="1"/>
						<line number="194" hits="1"/>
						<line number="196" hits="0"/>
						<line number="199" hits="1"/>
						<line number="200" hits="1"/>
						<line number="201" hits="1"/>
						<line number="202" hits="1"/>
						<line number="205" hits="1"/>
						<line number="206" hits="1" branch="true" condition-coverage="100% (2/2)"/>
						<line number="207" hits="1" branch="true" condition-coverage="50% (1/2)" missing-branches="208"/>
						<line number="208" hits="0"/>
						<line number="209" hits="1"/>
						<line number="217" hits="1"/>
						<line number="218" hits="1"/>
						<line number="222" hits="1"/>
						<line number="226" hits="1"/>
						<line number="227" hits="1"/>
						<line number="228" hits="1"/>
						<line number="229" hits="1"/>
						<line number="230" hits="1"/>
						<line number="231" hits="1"/>
						<line number="232" hits="1"/>
						<line number="237" hits="1" branch="true" condition-coverage="50% (1/2)" missing-branches="239"/>
						<line number="238" hits="1"/>
						<line number="239" hits="1"/>
						<line number="242" hits="1"/>
						<line number="256" hits="1"/>
						<line number="257" hits="1" branch="true" condition-coverage="50% (1/2)" missing-branches="258"/>
						<line number="258" hits="0"/>
						<line number="259" hits="1"/>
						<line number="260" hits="1"/>
						<line number="271" hits="1"/>
						<line number="304" hits="1"/>
						<line number="306" hits="1"/>
						<line number="307" hits="1"/>
						<line number="308" hits="1"/>
						<line number="309" hits="1"/>
						<line number="311" hits="1" branch="true" condition-coverage="100% (2/2)"/>
						<line number="312" hits="1"/>
						<line number="313" hits="1"/>
						<line number="315" hits="1" branch="true" condition-coverage="100% (2/2)"/>
						<line number="316" hits="1" branch="true" condition-coverage="100% (2/2)"/>
						<line number="317" hits="1"/>
						<line number="318" hits="1"/>
						<line number="319" hits="1" branch="true" condition-coverage="50% (1/2)" missing-branches="320"/>
						<line number="320" hits="0"/>
						<line number="322" hits="1"/>
						<line number="323" hits="1"/>
						<line number="324" hits="1" branch="true" condition-coverage="100% (2/2)"/>
						<line number="325" hits="1"/>
						<line number="327" hits="1" branch="true" condition-coverage="100% (2/2)"/>
						<line number="328" hits="1"/>
						<line number="329" hits="1"/>
						<line number="332" hits="1"/>
						<line number="344" hits="1" branch="true" condition-coverage="50% (1/2)" missing-branches="345"/>
						<line number="345" hits="0"/>
						<line number="346" hits="1"/>
						<line number="347" hits="1"/>
						<line number="348" hits="1"/>
						<line number="363" hits="1"/>
						<line number="380" hits="1"/>
						<line number="391" hits="1"/>
						<line number="394" hits="1" branch="true" condition-coverage="100% (2/2)"/>
						<line number="395" hits="1" branch="true" condition-coverage="50% (1/2)" missing-branches="396"/>
						<line number="396" hits="0"/>
						<line number="397" hits="1"/>
						<line number="398" hits="1" branch="true" condition-coverage="50% (1/2)" missing-branches="399"/>
						<line number="399" hits="0"/>
						<line number="400" hits="1" branch="true" condition-coverage="100% (2/2)"/>
						<line number="401" hits="1"/>
						<line number="418" hits="1" branch="true" condition-coverage="100% (2/2)"/>
						<line number="423" hits="1" branch="true" condition-coverage="50% (1/2)" missing-branches="424"/>
						<line number="424" hits="0"/>
						<line number="425" hits="1"/>
						<line number="426" hits="1" branch="true" condition-coverage="50% (1/2)" missing-branches="427"/>
						<line number="427" hits="0"/>
						<line number="428" hits="1"/>
						<line number="429" hits="1" branch="true" condition-coverage="100% (2/2)"/>
						<line number="430" hits="1"/>
						<line number="447" hits="1" branch="true" condition-coverage="50% (1/2)" missing-branches="exit"/>
						<line number="448" hits="1"/>
						<line number="449" hits="1"/>
						<line number="450" hits="1" branch="true" condition-coverage="100% (2/2)"/>
						<line number="451" hits="1"/>
						<line number="452" hits="1"/>
						<line number="467" hits="1"/>
						<line number="484" hits="1"/>
						<line number="486" hits="1"/>
						<line number="488" hits="1"/>
						<line number="496" hits="1"/>
						<line number="498" hits="1"/>
						<line number="500" hits="1"/>
						<line number="501" hits="1"/>
						<line number="502" hits="1"/>
						<line number="503" hits="0"/>
						<line number="504" hits="0"/>
						<line number="505" hits="1"/>
						<line number="514" hits="1"/>
						<line number="521" hits="1"/>
						<line number="525" hits="1"/>
						<line number="530" hits="1"/>
						<line number="531" hits="1"/>
						<line number="538" hits="1"/>
						<line number="539" hits="1"/>
						<line number="541" hits="1"/>
						<line number="542" hits="1"/>
						<line number="544" hits="1" branch="true" condition-coverage="100% (2/2)"/>
						<line number="545" hits="1"/>
						<line number="546" hits="1" branch="true" condition-coverage="50% (1/2)" missing-branches="547"/>
						<line number="547" hits="0"/>
						<line number="549" hits="1"/>
						<line number="551" hits="1" branch="true" condition-coverage="100% (2/2)"/>
						<line number="552" hits="1"/>
						<line number="553" hits="1" branch="true" condition-coverage="50% (1/2)" missing-branches="554"/>
						<line number="554" hits="0"/>
						<line number="556" hits="1"/>
						<line number="558" hits="1"/>
						<line number="559" hits="1"/>
						<line number="561" hits="1"/>
						<line number="563" hits="1"/>
						<line number="577" hits="1"/>
						<line number="578" hits="1" branch="true" condition-coverage="100% (2/2)"/>
						<line number="579" hits="1" branch="true" condition-coverage="50% (1/2)" missing-branches="580"/>
						<line number="580" hits="0"/>
						<line number="581" hits="1"/>
						<line number="582" hits="1"/>
						<line number="583" hits="1"/>
						<line number="584" hits="1"/>
						<line number="585" hits="1"/>
						<line number="587" hits="1"/>
						<line number="600" hits="1"/>
						<line number="602" hits="1"/>
						<line number="615" hits="1"/>
						<line number="617" hits="1"/>
						<line number="630" hits="0"/>
						<line number="632" hits="1"/>
						<line number="634" hits="1"/>
						<line number="635" hits="1"/>
						<line number="636" hits="1"/>
						<line number="637" hits="1" branch="true" condition-coverage="100% (2/2)"/>
						<line number="638" hits="1"/>
						<line number="639" hits="1"/>
						<line number="643" hits="1"/>
						<line number="644" hits="1" branch="true" condition-coverage="50% (1/2)" missing-branches="646"/>
						<line number="646" hits="0" branch="true" condition-coverage="0% (0/2)" missing-branches="647,653"/>
						<line number="647" hits="0"/>
						<line number="648" hits="0"/>
						<line number="649" hits="0" branch="true" condition-coverage="0% (0/2)" missing-branches="646,650"/>
						<line number="650" hits="0"/>
						<line number="651" hits="0" branch="true" condition-coverage="0% (0/2)" missing-branches="646,652"/>
						<line number="652" hits="0"/>
						<line number="653" hits="1"/>
						<line number="654" hits="1"/>
						<line number="655" hits="1"/>
						<line number="657" hits="1"/>
						<line number="665" hits="1"/>
						<line number="667" hits="1"/>
						<line number="674" hits="1"/>
						<line number="676" hits="1"/>
						<line number="683" hits="0"/>
						<line number="685" hits="1"/>
						<line number="692" hits="1"/>
						<line number="694" hits="1"/>
						<line number="695" hits="1"/>
						<line number="696" hits="1"/>
						<line number="698" hits="1"/>
						<line number="700" hits="1"/>
						<line number="701" hits="1"/>
						<line number="702" hits="1"/>
						<line number="704" hits="1"/>
						<line number="714" hits="1"/>
						<line number="716" hits="1" branch="true" condition-coverage="50% (1/2)" missing-branches="724"/>
						<line number="717" hits="1"/>
						<line number="721" hits="1" branch="true" condition-coverage="50% (1/2)" missing-branches="724"/>
						<line number="722" hits="1"/>
						<line number="724" hits="1" branch="true" condition-coverage="50% (1/2)" missing-branches="741"/>
						<line number="725" hits="1"/>
						<line number="726" hits="1" branch="true" condition-coverage="50% (1/2)" missing-branches="741"/>
						<line number="727" hits="1"/>
						<line number="729" hits="1" branch="true" condition-coverage="100% (2/2)"/>
						<line number="730" hits="1"/>
						<line number="731" hits="1"/>
						<line number="737" hits="1"/>
						<line number="738" hits="1"/>
						<line number="739" hits="0"/>
						<line number="740" hits="0"/>
						<line number="741" hits="0"/>
						<line number="743" hits="1"/>
						<line number="758" hits="1"/>
						<line number="760" hits="1"/>
						<line number="761" hits="1"/>
						<line number="763" hits="1" branch="true" condition-coverage="50% (1/2)" missing-branches="795"/>
						<line number="765" hits="1"/>
						<line number="766" hits="1"/>
						<line number="767" hits="1"/>
						<line number="769" hits="1" branch="true" condition-coverage="100% (2/2)"/>
						<line number="770" hits="1"/>
						<line number="771" hits="1"/>
						<line number="772" hits="1" branch="true" condition-coverage="100% (2/2)"/>
						<line number="773" hits="1"/>
						<line number="774" hits="0"/>
						<line number="775" hits="0"/>
						<line number="778" hits="1"/>
						<line number="779" hits="1" branch="true" condition-coverage="50% (1/2)" missing-branches="781"/>
						<line number="781" hits="0"/>
						<line number="790" hits="0"/>
						<line number="791" hits="0" branch="true" condition-coverage="0% (0/2)" missing-branches="779,792"/>
						<line number="792" hits="0"/>
						<line number="795" hits="1" branch="true" condition-coverage="50% (1/2)" missing-branches="798"/>
						<line number="796" hits="1"/>
						<line number="798" hits="0"/>
						<line number="800" hits="1"/>
						<line number="802" hits="1"/>
						<line number="814" hits="1"/>
						<line number="815" hits="1" branch="true" condition-coverage="100% (2/2)"/>
						<line number="816" hits="1"/>
						<line number="817" hits="1"/>
						<line number="819" hits="1"/>
						<line number="826" hits="1"/>
						<line number="828" hits="1"/>
						<line number="835" hits="1"/>
						<line number="837" hits="1"/>
						<line number="844" hits="0"/>
						<line number="846" hits="1"/>
						<line number="853" hits="1"/>
						<line number="858" hits="1"/>
						<line number="869" hits="0"/>
						<line number="870" hits="0"/>
						<line number="871" hits="0"/>
						<line number="873" hits="1"/>
						<line number="880" hits="0"/>
						<line number="881" hits="0"/>
						<line number="882" hits="0"/>
						<line number="884" hits="1"/>
						<line number="891" hits="0"/>
						<line number="892" hits="0"/>
						<line number="893" hits="0"/>
						<line number="895" hits="1"/>
						<line number="907" hits="0" branch="true" condition-coverage="0% (0/2)" missing-branches="908,910"/>
						<line number="908" hits="0"/>
						<line number="910" hits="0"/>
						<line number="911" hits="0"/>
						<line number="912" hits="0" branch="true" condition-coverage="0% (0/2)" missing-branches="913,915"/>
						<line number="913" hits="0"/>
						<line number="915" hits="0"/>
						<line number="916" hits="0"/>
						<line number="917" hits="0" branch="true" condition-coverage="0% (0/2)" missing-branches="918,920"/>
						<line number="918" hits="0"/>
						<line number="919" hits="0"/>
						<line number="920" hits="0"/>
						<line number="921" hits="0"/>
						<line number="922" hits="0"/>
						<line number="924" hits="1"/>
						<line number="933" hits="0"/>
						<line number="934" hits="0" branch="true" condition-coverage="0% (0/2)" missing-branches="935,936"/>
						<line number="935" hits="0"/>
						<line number="936" hits="0"/>
						<line number="940" hits="0" branch="true" condition-coverage="0% (0/2)" missing-branches="941,942"/>
						<line number="941" hits="0"/>
						<line number="942" hits="0" branch="true" condition-coverage="0% (0/2)" missing-branches="943,944"/>
						<line number="943" hits="0"/>
						<line number="944" hits="0"/>
						<line number="945" hits="0"/>
						<line number="951" hits="0"/>
						<line number="952" hits="0"/>
						<line number="953" hits="0"/>
						<line number="954" hits="0"/>
						<line number="956" hits="1"/>
						<line number="964" hits="0"/>
						<line number="965" hits="0"/>
						<line number="966" hits="0"/>
						<line number="967" hits="0"/>
						<line number="969" hits="0"/>
						<line number="971" hits="0" branch="true" condition-coverage="0% (0/2)" missing-branches="972,973"/>
						<line number="972" hits="0"/>
						<line number="973" hits="0"/>
						<line number="975" hits="1"/>
						<line number="983" hits="0" branch="true" condition-coverage="0% (0/2)" missing-branches="984,990"/>
						<line number="984" hits="0" branch="true" condition-coverage="0% (0/2)" missing-branches="985,990"/>
						<line number="985" hits="0"/>
						<line number="986" hits="0" branch="true" condition-coverage="0% (0/2)" missing-branches="984,987"/>
						<line number="987" hits="0"/>
						<line number="988" hits="0"/>
						<line number="989" hits="0"/>
						<line number="990" hits="0"/>
						<line number="997" hits="1"/>
						<line number="998" hits="1"/>
						<line number="1001" hits="1"/>
						<line number="1015" hits="1"/>
						<line number="1017" hits="1" branch="true" condition-coverage="100% (2/2)"/>
						<line number="1018" hits="1"/>
						<line number="1020" hits="1"/>
						<line number="1021" hits="1"/>
						<line number="1022" hits="1"/>
						<line number="1023" hits="1" branch="true" condition-coverage="100% (2/2)"/>
						<line number="1024" hits="1" branch="true" condition-coverage="100% (2/2)"/>
						<line number="1025" hits="1"/>
						<line number="1026" hits="1" branch="true" condition-coverage="50% (1/2)" missing-branches="1027"/>
						<line number="1027" hits="0"/>
						<line number="1029" hits="1"/>
						<line number="1030" hits="1" branch="true" condition-coverage="100% (2/2)"/>
						<line number="1031" hits="1"/>
						<line number="1032" hits="1"/>
						<line number="1033" hits="1"/>
						<line number="1034" hits="1"/>
						<line number="1035" hits="1"/>
						<line number="1036" hits="1"/>
						<line number="1037" hits="1"/>
						<line number="1038" hits="1"/>
						<line number="1040" hits="1" branch="true" condition-coverage="50% (1/2)" missing-branches="1041"/>
						<line number="1041" hits="0"/>
						<line number="1043" hits="1"/>
						<line number="1049" hits="1"/>
						<line number="1061" hits="1"/>
						<line number="1064" hits="1"/>
						<line number="1071" hits="1"/>
						<line number="1074" hits="1"/>
						<line number="1081" hits="1"/>
						<line number="1084" hits="1"/>
						<line number="1101" hits="0"/>
						<line number="1104" hits="1"/>
						<line number="1127" hits="0"/>
						<line number="1129" hits="0"/>
						<line number="1132" hits="0"/>
						<line number="1147" hits="0" branch="true" condition-coverage="0% (0/2)" missing-branches="1148,1151"/>
						<line number="1148" hits="0" branch="true" condition-coverage="0% (0/2)" missing-branches="1147,1149"/>
						<line number="1149" hits="0"/>
						<line number="1151" hits="0"/>
						<line number="1152" hits="0"/>
						<line number="1153" hits="0"/>
						<line number="1154" hits="0"/>
						<line number="1155" hits="0"/>
						<line number="1157" hits="0"/>
						<line number="1164" hits="0"/>
						<line number="1167" hits="1"/>
						<line number="1179" hits="0" branch="true" condition-coverage="0% (0/2)" missing-branches="1180,1182"/>
						<line number="1180" hits="0"/>
						<line number="1182" hits="0"/>
						<line number="1183" hits="0"/>
						<line number="1184" hits="0" branch="true" condition-coverage="0% (0/2)" missing-branches="1185,1192"/>
						<line number="1185" hits="0" branch="true" condition-coverage="0% (0/2)" missing-branches="1186,1192"/>
						<line number="1186" hits="0"/>
						<line number="1187" hits="0"/>
						<line number="1188" hits="0" branch="true" condition-coverage="0% (0/2)" missing-branches="1185,1189"/>
						<line number="1189" hits="0"/>
						<line number="1190" hits="0" branch="true" condition-coverage="0% (0/2)" missing-branches="1185,1191"/>
						<line number="1191" hits="0"/>
						<line number="1192" hits="0"/>
						<line number="1200" hits="1"/>
						<line number="1206" hits="1" branch="true" condition-coverage="50% (1/2)" missing-branches="1207"/>
						<line number="1207" hits="0"/>
						<line number="1210" hits="1"/>
						<line number="1211" hits="1" branch="true" condition-coverage="100% (2/2)"/>
						<line number="1212" hits="1" branch="true" condition-coverage="100% (2/2)"/>
						<line number="1213" hits="1"/>
						<line number="1214" hits="1" branch="true" condition-coverage="100% (2/2)"/>
						<line number="1215" hits="1"/>
						<line number="1217" hits="1" branch="true" condition-coverage="100% (2/2)"/>
						<line number="1218" hits="1"/>
						<line number="1221" hits="1" branch="true" condition-coverage="100% (2/2)"/>
						<line number="1222" hits="1"/>
						<line number="1224" hits="1" branch="true" condition-coverage="100% (2/2)"/>
						<line number="1225" hits="1"/>
						<line number="1226" hits="1"/>
						<line number="1227" hits="1"/>
						<line number="1228" hits="1"/>
						<line number="1229" hits="1" branch="true" condition-coverage="100% (2/2)"/>
						<line number="1230" hits="1" branch="true" condition-coverage="100% (2/2)"/>
						<line number="1231" hits="1"/>
						<line number="1233" hits="1"/>
						<line number="1236" hits="1"/>
						<line number="1238" hits="1" branch="true" condition-coverage="50% (1/2)" missing-branches="1239"/>
						<line number="1239" hits="0"/>
						<line number="1240" hits="1"/>
						<line number="1241" hits="1" branch="true" condition-coverage="100% (2/2)"/>
						<line number="1242" hits="1" branch="true" condition-coverage="100% (2/2)"/>
						<line number="1243" hits="1"/>
						<line number="1244" hits="1" branch="true" condition-coverage="100% (2/2)"/>
						<line number="1245" hits="1"/>
						<line number="1246" hits="1"/>
						<line number="1249" hits="1"/>
						<line number="1256" hits="0"/>
						<line number="1257" hits="0"/>
						<line number="1260" hits="0" branch="true" condition-coverage="0% (0/2)" missing-branches="1261,1266"/>
						<line number="1261" hits="0"/>
						<line number="1262" hits="0" branch="true" condition-coverage="0% (0/2)" missing-branches="1263,1266"/>
						<line number="1263" hits="0"/>
						<line number="1266" hits="0"/>
						<line number="1268" hits="0" branch="true" condition-coverage="0% (0/2)" missing-branches="1269,1272"/>
						<line number="1269" hits="0"/>
						<line number="1270" hits="0"/>
						<line number="1272" hits="0"/>
						<line number="1273" hits="0" branch="true" condition-coverage="0% (0/2)" missing-branches="1274,1281"/>
						<line number="1274" hits="0" branch="true" condition-coverage="0% (0/2)" missing-branches="1275,1276"/>
						<line number="1275" hits="0"/>
						<line number="1276" hits="0" branch="true" condition-coverage="0% (0/2)" missing-branches="1277,1278"/>
						<line number="1277" hits="0"/>
						<line number="1278" hits="0"/>
						<line number="1281" hits="0" branch="true" condition-coverage="0% (0/2)" missing-branches="1282,1297"/>
						<line number="1282" hits="0"/>
						<line number="1283" hits="0"/>
						<line number="1284" hits="0" branch="true" condition-coverage="0% (0/2)" missing-branches="1285,1289"/>
						<line number="1285" hits="0"/>
						<line number="1286" hits="0" branch="true" condition-coverage="0% (0/2)" missing-branches="1284,1287"/>
						<line number="1287" hits="0"/>
						<line number="1288" hits="0"/>
						<line number="1289" hits="0" branch="true" condition-coverage="0% (0/2)" missing-branches="1290,1293"/>
						<line number="1290" hits="0"/>
						<line number="1291" hits="0"/>
						<line number="1293" hits="0"/>
						<line number="1294" hits="0"/>
						<line number="1297" hits="0"/>
						<line number="1298" hits="0"/>
						<line number="1301" hits="1"/>
						<line number="1344" hits="1"/>
						<line number="1346" hits="1"/>
						<line number="1348" hits="1"/>
						<line number="1349" hits="1"/>
						<line number="1351" hits="1"/>
						<line number="1352" hits="1"/>
						<line number="1353" hits="1"/>
						<line number="1354" hits="1" branch="true" condition-coverage="100% (2/2)"/>
						<line number="1355" hits="1"/>
						<line number="1357" hits="1" branch="true" condition-coverage="100% (2/2)"/>
						<line number="1358" hits="1"/>
						<line number="1359" hits="1"/>
						<line number="1360" hits="1" branch="true" condition-coverage="100% (2/2)"/>
						<line number="1361" hits="1"/>
						<line number="1362" hits="1" branch="true" condition-coverage="50% (1/2)" missing-branches="1363"/>
						<line number="1363" hits="0"/>
						<line number="1364" hits="0" branch="true" condition-coverage="0% (0/2)" missing-branches="1365,1366"/>
						<line number="1365" hits="0"/>
						<line number="1366" hits="1"/>
						<line number="1374" hits="1"/>
						<line number="1375" hits="1"/>
						<line number="1377" hits="1" branch="true" condition-coverage="100% (2/2)"/>
						<line number="1378" hits="1"/>
						<line number="1379" hits="1"/>
						<line number="1380" hits="1" branch="true" condition-coverage="50% (1/2)" missing-branches="1383"/>
						<line number="1381" hits="1"/>
						<line number="1383" hits="0"/>
						<line number="1385" hits="1"/>
						<line number="1386" hits="1" branch="true" condition-coverage="100% (2/2)"/>
						<line number="1387" hits="1"/>
						<line number="1389" hits="1"/>
						<line number="1397" hits="1"/>
						<line number="1398" hits="1"/>
						<line number="1401" hits="1"/>
						<line number="1430" hits="1"/>
						<line number="1439" hits="1"/>
						<line number="1440" hits="1"/>
						<line number="1443" hits="1"/>
						<line number="1473" hits="1"/>
						<line number="1475" hits="1" branch="true" condition-coverage="50% (1/2)" missing-branches="1477"/>
						<line number="1476" hits="1"/>
						<line number="1477" hits="0" branch="true" condition-coverage="0% (0/2)" missing-branches="1478,1480"/>
						<line number="1478" hits="0"/>
						<line number="1480" hits="0"/>
						<line number="1482" hits="1" branch="true" condition-coverage="50% (1/2)" missing-branches="1483"/>
						<line number="1483" hits="0"/>
						<line number="1486" hits="1" branch="true" condition-coverage="50% (1/2)" missing-branches="1490"/>
						<line number="1487" hits="1"/>
						<line number="1490" hits="1"/>
						<line number="1491" hits="1"/>
						<line number="1492" hits="1" branch="true" condition-coverage="50% (1/2)" missing-branches="1493"/>
						<line number="1493" hits="0"/>
						<line number="1494" hits="1"/>
						<line number="1501" hits="1"/>
						<line number="1502" hits="1"/>
						<line number="1503" hits="1"/>
						<line number="1504" hits="1"/>
						<line number="1505" hits="1"/>
						<line number="1506" hits="1"/>
						<line number="1507" hits="1"/>
						<line number="1509" hits="1" branch="true" condition-coverage="50% (1/2)" missing-branches="1510"/>
						<line number="1510" hits="0"/>
						<line number="1511" hits="1"/>
						<line number="1514" hits="1"/>
						<line number="1522" hits="1"/>
						<line number="1525" hits="1"/>
						<line number="1533" hits="1"/>
						<line number="1536" hits="1"/>
						<line number="1544" hits="1"/>
						<line number="1547" hits="1"/>
						<line number="1555" hits="1"/>
						<line number="1562" hits="1"/>
						<line number="1563" hits="1"/>
						<line number="1564" hits="1"/>
						<line number="1565" hits="1"/>
						<line number="1573" hits="1"/>
						<line number="1595" hits="0"/>
						<line number="1597" hits="0"/>
						<line number="1599" hits="0"/>
						<line number="1600" hits="0"/>
						<line number="1602" hits="0"/>
						<line number="1603" hits="0" branch="true" condition-coverage="0% (0/2)" missing-branches="1604,1606"/>
						<line number="1604" hits="0"/>
						<line number="1606" hits="0"/>
						<line number="1608" hits="0" branch="true" condition-coverage="0% (0/2)" missing-branches="1609,1612"/>
						<line number="1609" hits="0"/>
						<line number="1610" hits="0"/>
						<line number="1612" hits="0" branch="true" condition-coverage="0% (0/2)" missing-branches="1613,1619"/>
						<line number="1613" hits="0"/>
						<line number="1619" hits="0" branch="true" condition-coverage="0% (0/2)" missing-branches="1620,1622"/>
						<line number="1620" hits="0"/>
						<line number="1622" hits="0"/>
						<line number="1623" hits="0"/>
						<line number="1625" hits="0" branch="true" condition-coverage="0% (0/2)" missing-branches="1626,1655"/>
						<line number="1626" hits="0"/>
						<line number="1627" hits="0"/>
						<line number="1629" hits="0" branch="true" condition-coverage="0% (0/2)" missing-branches="1625,1630"/>
						<line number="1630" hits="0"/>
						<line number="1631" hits="0"/>
						<line number="1632" hits="0" branch="true" condition-coverage="0% (0/2)" missing-branches="1629,1638"/>
						<line number="1638" hits="0"/>
						<line number="1639" hits="0"/>
						<line number="1655" hits="0"/>
						<line number="1656" hits="0"/>
						<line number="1657" hits="0"/>
						<line number="1665" hits="1"/>
						<line number="1692" hits="0"/>
						<line number="1694" hits="0"/>
						<line number="1695" hits="0"/>
						<line number="1696" hits="0"/>
						<line number="1698" hits="0"/>
						<line number="1699" hits="0"/>
						<line number="1700" hits="0"/>
						<line number="1701" hits="0" branch="true" condition-coverage="0% (0/2)" missing-branches="1702,1705"/>
						<line number="1702" hits="0"/>
						<line number="1703" hits="0"/>
						<line number="1705" hits="0" branch="true" condition-coverage="0% (0/2)" missing-branches="1706,1709"/>
						<line number="1706" hits="0"/>
						<line number="1707" hits="0"/>
						<line number="1709" hits="0" branch="true" condition-coverage="0% (0/2)" missing-branches="1710,1716"/>
						<line number="1710" hits="0"/>
						<line number="1716" hits="0" branch="true" condition-coverage="0% (0/2)" missing-branches="1717,1720"/>
						<line number="1717" hits="0"/>
						<line number="1720" hits="0"/>
						<line number="1721" hits="0"/>
						<line number="1724" hits="0"/>
						<line number="1726" hits="0" branch="true" condition-coverage="0% (0/2)" missing-branches="1727,1732"/>
						<line number="1727" hits="0"/>
						<line number="1732" hits="0"/>
						<line number="1735" hits="0"/>
						<line number="1738" hits="0"/>
						<line number="1741" hits="0"/>
						<line number="1742" hits="0" branch="true" condition-coverage="0% (0/2)" missing-branches="1743,1748"/>
						<line number="1743" hits="0"/>
						<line number="1748" hits="0"/>
						<line number="1750" hits="0"/>
						<line number="1751" hits="0"/>
						<line number="1752" hits="0"/>
						<line number="1755" hits="0"/>
						<line number="1757" hits="0" branch="true" condition-coverage="0% (0/2)" missing-branches="1758,1806"/>
						<line number="1758" hits="0"/>
						<line number="1759" hits="0"/>
						<line number="1760" hits="0"/>
						<line number="1761" hits="0"/>
						<line number="1763" hits="0"/>
						<line number="1768" hits="0"/>
						<line number="1773" hits="0"/>
						<line number="1774" hits="0" branch="true" condition-coverage="0% (0/2)" missing-branches="1775,1776"/>
						<line number="1775" hits="0"/>
						<line number="1776" hits="0"/>
						<line number="1777" hits="0" branch="true" condition-coverage="0% (0/2)" missing-branches="exit,1778"/>
						<line number="1778" hits="0" branch="true" condition-coverage="0% (0/2)" missing-branches="1779,1780"/>
						<line number="1779" hits="0"/>
						<line number="1780" hits="0" branch="true" condition-coverage="0% (0/2)" missing-branches="1777,1781"/>
						<line number="1781" hits="0"/>
						<line number="1797" hits="0" branch="true" condition-coverage="0% (0/2)" missing-branches="1798,1804"/>
						<line number="1798" hits="0" branch="true" condition-coverage="0% (0/2)" missing-branches="1799,1802"/>
						<line number="1799" hits="0"/>
						<line number="1800" hits="0"/>
						<line number="1802" hits="0"/>
						<line number="1804" hits="0"/>
						<line number="1806" hits="0"/>
						<line number="1807" hits="0"/>
						<line number="1808" hits="0"/>
						<line number="1809" hits="0"/>
						<line number="1817" hits="1"/>
						<line number="1840" hits="0"/>
						<line number="1842" hits="0"/>
						<line number="1843" hits="0"/>
						<line number="1844" hits="0"/>
						<line number="1846" hits="0"/>
						<line number="1847" hits="0"/>
						<line number="1848" hits="0"/>
						<line number="1849" hits="0" branch="true" condition-coverage="0% (0/2)" missing-branches="1850,1853"/>
						<line number="1850" hits="0"/>
						<line number="1851" hits="0"/>
						<line number="1853" hits="0" branch="true" condition-coverage="0% (0/2)" missing-branches="1854,1857"/>
						<line number="1854" hits="0"/>
						<line number="1855" hits="0"/>
						<line number="1857" hits="0" branch="true" condition-coverage="0% (0/2)" missing-branches="1858,1863"/>
						<line number="1858" hits="0"/>
						<line number="1863" hits="0" branch="true" condition-coverage="0% (0/2)" missing-branches="1864,1866"/>
						<line number="1864" hits="0"/>
						<line number="1866" hits="0"/>
						<line number="1867" hits="0"/>
						<line number="1872" hits="0"/>
						<line number="1874" hits="0"/>
						<line number="1875" hits="0"/>
						<line number="1876" hits="0"/>
						<line number="1877" hits="0"/>
						<line number="1879" hits="0"/>
						<line number="1887" hits="0"/>
						<line number="1888" hits="0"/>
						<line number="1889" hits="0"/>
						<line number="1890" hits="0"/>
						<line number="1891" hits="0"/>
						<line number="1892" hits="0"/>
						<line number="1894" hits="0" branch="true" condition-coverage="0% (0/2)" missing-branches="exit,1899"/>
						<line number="1899" hits="0"/>
						<line number="1900" hits="0"/>
						<line number="1915" hits="0"/>
						<line number="1931" hits="0" branch="true" condition-coverage="0% (0/2)" missing-branches="1932,1949"/>
						<line number="1932" hits="0" branch="true" condition-coverage="0% (0/2)" missing-branches="1931,1933"/>
						<line number="1933" hits="0" branch="true" condition-coverage="0% (0/2)" missing-branches="1935,1945"/>
						<line number="1935" hits="0" branch="true" condition-coverage="0% (0/2)" missing-branches="1936,1941"/>
						<line number="1936" hits="0"/>
						<line number="1937" hits="0"/>
						<line number="1938" hits="0"/>
						<line number="1939" hits="0"/>
						<line number="1941" hits="0"/>
						<line number="1942" hits="0"/>
						<line number="1943" hits="0"/>
						<line number="1945" hits="0"/>
						<line number="1946" hits="0"/>
						<line number="1947" hits="0"/>
						<line number="1949" hits="0"/>
						<line number="1950" hits="0"/>
						<line number="1951" hits="0"/>
						<line number="1959" hits="1"/>
						<line number="1991" hits="1"/>
						<line number="1993" hits="0"/>
						<line number="1994" hits="0"/>
						<line number="1995" hits="0"/>
						<line number="1996" hits="0"/>
						<line number="1999" hits="1"/>
						<line number="2037" hits="0"/>
						<line number="2039" hits="0" branch="true" condition-coverage="0% (0/2)" missing-branches="2040,2050"/>
						<line number="2040" hits="0"/>
						<line number="2050" hits="0"/>
						<line number="2051" hits="0"/>
						<line number="2052" hits="0"/>
						<line number="2054" hits="0"/>
						<line number="2055" hits="0"/>
						<line number="2056" hits="0"/>
						<line number="2057" hits="0" branch="true" condition-coverage="0% (0/2)" missing-branches="2058,2061"/>
						<line number="2058" hits="0"/>
						<line number="2059" hits="0"/>
						<line number="2061" hits="0" branch="true" condition-coverage="0% (0/2)" missing-branches="2062,2065"/>
						<line number="2062" hits="0"/>
						<line number="2063" hits="0"/>
						<line number="2065" hits="0" branch="true" condition-coverage="0% (0/2)" missing-branches="2066,2071"/>
						<line number="2066" hits="0"/>
						<line number="2071" hits="0" branch="true" condition-coverage="0% (0/2)" missing-branches="2072,2074"/>
						<line number="2072" hits="0"/>
						<line number="2074" hits="0"/>
						<line number="2075" hits="0"/>
						<line number="2078" hits="0"/>
						<line number="2081" hits="0" branch="true" condition-coverage="0% (0/2)" missing-branches="2082,2084"/>
						<line number="2082" hits="0"/>
						<line number="2084" hits="0"/>
						<line number="2087" hits="0"/>
						<line number="2088" hits="0"/>
						<line number="2089" hits="0" branch="true" condition-coverage="0% (0/2)" missing-branches="2090,2093"/>
						<line number="2090" hits="0" branch="true" condition-coverage="0% (0/2)" missing-branches="2091,2093"/>
						<line number="2091" hits="0"/>
						<line number="2093" hits="0"/>
						<line number="2094" hits="0"/>
						<line number="2096" hits="0" branch="true" condition-coverage="0% (0/2)" missing-branches="2097,2190"/>
						<line number="2097" hits="0"/>
						<line number="2098" hits="0" branch="true" condition-coverage="0% (0/2)" missing-branches="2099,2101"/>
						<line number="2099" hits="0"/>
						<line number="2101" hits="0"/>
						<line number="2102" hits="0"/>
						<line number="2103" hits="0" branch="true" condition-coverage="0% (0/2)" missing-branches="2104,2106"/>
						<line number="2104" hits="0"/>
						<line number="2106" hits="0"/>
						<line number="2107" hits="0"/>
						<line number="2108" hits="0" branch="true" condition-coverage="0% (0/2)" missing-branches="2109,2111"/>
						<line number="2109" hits="0"/>
						<line number="2111" hits="0"/>
						<line number="2112" hits="0"/>
						<line number="2113" hits="0"/>
						<line number="2116" hits="0"/>
						<line number="2117" hits="0" branch="true" condition-coverage="0% (0/2)" missing-branches="2118,2121"/>
						<line number="2118" hits="0"/>
						<line number="2121" hits="0"/>
						<line number="2123" hits="0" branch="true" condition-coverage="0% (0/2)" missing-branches="2124,2188"/>
						<line number="2124" hits="0"/>
						<line number="2125" hits="0"/>
						<line number="2128" hits="0" branch="true" condition-coverage="0% (0/2)" missing-branches="2129,2130"/>
						<line number="2129" hits="0"/>
						<line number="2130" hits="0" branch="true" condition-coverage="0% (0/2)" missing-branches="2131,2133"/>
						<line number="2131" hits="0"/>
						<line number="2133" hits="0"/>
						<line number="2135" hits="0"/>
						<line number="2136" hits="0" branch="true" condition-coverage="0% (0/2)" missing-branches="2137,2140"/>
						<line number="2137" hits="0"/>
						<line number="2140" hits="0" branch="true" condition-coverage="0% (0/2)" missing-branches="2141,2143"/>
						<line number="2141" hits="0"/>
						<line number="2143" hits="0" branch="true" condition-coverage="0% (0/2)" missing-branches="2144,2147"/>
						<line number="2144" hits="0"/>
						<line number="2147" hits="0" branch="true" condition-coverage="0% (0/2)" missing-branches="2123,2148"/>
						<line number="2148" hits="0"/>
						<line number="2149" hits="0"/>
						<line number="2151" hits="0"/>
						<line number="2158" hits="0" branch="true" condition-coverage="0% (0/2)" missing-branches="2147,2159"/>
						<line number="2159" hits="0"/>
						<line number="2160" hits="0"/>
						<line number="2161" hits="0"/>
						<line number="2163" hits="0" branch="true" condition-coverage="0% (0/2)" missing-branches="2164,2166"/>
						<line number="2164" hits="0"/>
						<line number="2166" hits="0"/>
						<line number="2168" hits="0" branch="true" condition-coverage="0% (0/2)" missing-branches="2158,2172"/>
						<line number="2172" hits="0"/>
						<line number="2188" hits="0"/>
						<line number="2190" hits="0"/>
						<line number="2191" hits="0"/>
						<line number="2192" hits="0" branch="true" condition-coverage="0% (0/2)" missing-branches="2194,2202"/>
						<line number="2194" hits="0"/>
						<line number="2195" hits="0"/>
						<line number="2196" hits="0" branch="true" condition-coverage="0% (0/2)" missing-branches="2197,2200"/>
						<line number="2197" hits="0"/>
						<line number="2198" hits="0"/>
						<line number="2199" hits="0"/>
						<line number="2200" hits="0"/>
						<line number="2202" hits="0"/>
						<line number="2210" hits="1"/>
						<line number="2230" hits="0"/>
						<line number="2231" hits="0"/>
						<line number="2236" hits="1"/>
						<line number="2256" hits="0"/>
						<line number="2258" hits="0" branch="true" condition-coverage="0% (0/2)" missing-branches="2259,2260"/>
						<line number="2259" hits="0"/>
						<line number="2260" hits="0" branch="true" condition-coverage="0% (0/2)" missing-branches="2261,2263"/>
						<line number="2261" hits="0"/>
						<line number="2263" hits="0"/>
						<line number="2265" hits="0" branch="true" condition-coverage="0% (0/2)" missing-branches="2266,2268"/>
						<line number="2266" hits="0"/>
						<line number="2268" hits="0"/>
						<line number="2269" hits="0"/>
						<line number="2270" hits="0"/>
						<line number="2274" hits="0"/>
						<line number="2275" hits="0"/>
						<line number="2281" hits="0"/>
						<line number="2284" hits="0"/>
						<line number="2285" hits="0"/>
						<line number="2286" hits="0"/>
						<line number="2287" hits="0"/>
						<line number="2288" hits="0"/>
						<line number="2291" hits="1"/>
						<line number="2315" hits="0"/>
						<line number="2317" hits="0" branch="true" condition-coverage="0% (0/2)" missing-branches="2318,2319"/>
						<line number="2318" hits="0"/>
						<line number="2319" hits="0" branch="true" condition-coverage="0% (0/2)" missing-branches="2320,2322"/>
						<line number="2320" hits="0"/>
						<line number="2322" hits="0"/>
						<line number="2324" hits="0" branch="true" condition-coverage="0% (0/2)" missing-branches="2325,2328"/>
						<line number="2325" hits="0"/>
						<line number="2328" hits="0" branch="true" condition-coverage="0% (0/2)" missing-branches="2329,2337"/>
						<line number="2329" hits="0"/>
						<line number="2330" hits="0" branch="true" condition-coverage="0% (0/2)" missing-branches="2331,2337"/>
						<line number="2331" hits="0"/>
						<line number="2332" hits="0"/>
						<line number="2333" hits="0"/>
						<line number="2334" hits="0"/>
						<line number="2335" hits="0"/>
						<line number="2337" hits="0" branch="true" condition-coverage="0% (0/2)" missing-branches="2338,2340"/>
						<line number="2338" hits="0"/>
						<line number="2340" hits="0"/>
						<line number="2345" hits="1"/>
						<line number="2367" hits="0"/>
						<line number="2369" hits="0" branch="true" condition-coverage="0% (0/2)" missing-branches="2370,2371"/>
						<line number="2370" hits="0"/>
						<line number="2371" hits="0" branch="true" condition-coverage="0% (0/2)" missing-branches="2372,2374"/>
						<line number="2372" hits="0"/>
						<line number="2374" hits="0"/>
						<line number="2376" hits="0" branch="true" condition-coverage="0% (0/2)" missing-branches="2377,2379"/>
						<line number="2377" hits="0"/>
						<line number="2379" hits="0" branch="true" condition-coverage="0% (0/2)" missing-branches="2380,2382"/>
						<line number="2380" hits="0"/>
						<line number="2382" hits="0"/>
						<line number="2387" hits="1"/>
						<line number="2409" hits="0"/>
						<line number="2411" hits="0" branch="true" condition-coverage="0% (0/2)" missing-branches="2412,2413"/>
						<line number="2412" hits="0"/>
						<line number="2413" hits="0" branch="true" condition-coverage="0% (0/2)" missing-branches="2414,2416"/>
						<line number="2414" hits="0"/>
						<line number="2416" hits="0"/>
						<line number="2418" hits="0" branch="true" condition-coverage="0% (0/2)" missing-branches="2419,2421"/>
						<line number="2419" hits="0"/>
						<line number="2421" hits="0" branch="true" condition-coverage="0% (0/2)" missing-branches="2423,2429"/>
						<line number="2423" hits="0"/>
						<line number="2424" hits="0" branch="true" condition-coverage="0% (0/2)" missing-branches="2425,2429"/>
						<line number="2425" hits="0"/>
						<line number="2426" hits="0"/>
						<line number="2427" hits="0"/>
						<line number="2429" hits="0"/>
						<line number="2430" hits="0"/>
						<line number="2435" hits="1"/>
						<line number="2437" hits="0" branch="true" condition-coverage="0% (0/2)" missing-branches="2438,2439"/>
						<line number="2438" hits="0"/>
						<line number="2439" hits="0"/>
						<line number="2440" hits="0"/>
						<line number="2441" hits="0" branch="true" condition-coverage="0% (0/2)" missing-branches="2442,2454"/>
						<line number="2442" hits="0"/>
						<line number="2443" hits="0"/>
						<line number="2444" hits="0" branch="true" condition-coverage="0% (0/2)" missing-branches="2445,2453"/>
						<line number="2445" hits="0"/>
						<line number="2446" hits="0" branch="true" condition-coverage="0% (0/2)" missing-branches="2447,2451"/>
						<line number="2447" hits="0"/>
						<line number="2448" hits="0"/>
						<line number="2451" hits="0"/>
						<line number="2453" hits="0"/>
						<line number="2454" hits="0"/>
					</lines>
				</class>
[...]
						<line number="575" hits="1"/>
						<line number="576" hits="1" branch="true" condition-coverage="50% (1/2)" missing-branches="577"/>
						<line number="577" hits="0"/>
						<line number="578" hits="1" branch="true" condition-coverage="100% (2/2)"/>
						<line number="579" hits="1"/>
						<line number="580" hits="1"/>
						<line number="583" hits="1"/>
						<line number="610" hits="1"/>
						<line number="611" hits="1"/>
						<line number="612" hits="1" branch="true" condition-coverage="50% (1/2)" missing-branches="613"/>
						<line number="613" hits="0"/>
						<line number="614" hits="1" branch="true" condition-coverage="100% (2/2)"/>
						<line number="615" hits="1" branch="true" condition-coverage="50% (1/2)" missing-branches="616"/>
						<line number="616" hits="0"/>
						<line number="617" hits="1" branch="true" condition-coverage="50% (1/2)" missing-branches="619"/>
						<line number="618" hits="1"/>
						<line number="619" hits="0"/>
						<line number="620" hits="1" branch="true" condition-coverage="50% (1/2)" missing-branches="622"/>
						<line number="621" hits="1"/>
						<line number="622" hits="1" branch="true" condition-coverage="100% (2/2)"/>
						<line number="623" hits="1"/>
						<line number="624" hits="1" branch="true" condition-coverage="50% (1/2)" missing-branches="625"/>
						<line number="625" hits="0"/>
						<line number="626" hits="1"/>
						<line number="627" hits="1" branch="true" condition-coverage="100% (2/2)"/>
						<line number="628" hits="1"/>
						<line number="639" hits="1"/>
						<line number="642" hits="1"/>
						<line number="677" hits="1"/>
						<line number="678" hits="1"/>
						<line number="679" hits="1" branch="true" condition-coverage="50% (1/2)" missing-branches="680"/>
						<line number="680" hits="0" branch="true" condition-coverage="0% (0/2)" missing-branches="681,687"/>
						<line number="681" hits="0"/>
						<line number="682" hits="0" branch="true" condition-coverage="0% (0/2)" missing-branches="683,696"/>
						<line number="683" hits="0"/>
						<line number="686" hits="0"/>
						<line number="687" hits="0" branch="true" condition-coverage="0% (0/2)" missing-branches="688,696"/>
						<line number="688" hits="0"/>
						<line number="689" hits="0"/>
						<line number="690" hits="0"/>
						<line number="691" hits="0" branch="true" condition-coverage="0% (0/2)" missing-branches="692,696"/>
						<line number="692" hits="0"/>
						<line number="695" hits="0"/>
						<line number="696" hits="1"/>
						<line number="697" hits="1" branch="true" condition-coverage="50% (1/2)" missing-branches="700"/>
						<line number="698" hits="1"/>
						<line number="700" hits="1"/>
						<line number="701" hits="1" branch="true" condition-coverage="50% (1/2)" missing-branches="702"/>
						<line number="702" hits="0"/>
						<line number="703" hits="1" branch="true" condition-coverage="50% (1/2)" missing-branches="704"/>
						<line number="704" hits="0"/>
						<line number="705" hits="1" branch="true" condition-coverage="50% (1/2)" missing-branches="706"/>
						<line number="706" hits="0"/>
						<line number="707" hits="1"/>
						<line number="710" hits="1"/>
						<line number="712" hits="0"/>
						<line number="715" hits="1"/>
						<line number="753" hits="1"/>
						<line number="754" hits="1"/>
						<line number="755" hits="1"/>
						<line number="756" hits="1"/>
						<line number="757" hits="1"/>
						<line number="759" hits="1" branch="true" condition-coverage="100% (2/2)"/>
						<line number="760" hits="1"/>
						<line number="762" hits="1"/>
						<line number="763" hits="1" branch="true" condition-coverage="50% (1/2)" missing-branches="772"/>
						<line number="764" hits="1"/>
						<line number="765" hits="1" branch="true" condition-coverage="50% (1/2)" missing-branches="772"/>
						<line number="766" hits="1"/>
						<line number="772" hits="1" branch="true" condition-coverage="100% (2/2)"/>
						<line number="773" hits="1"/>
						<line number="779" hits="1"/>
						<line number="780" hits="1"/>
						<line number="781" hits="1" branch="true" condition-coverage="100% (2/2)"/>
						<line number="782" hits="1" branch="true" condition-coverage="50% (1/2)" missing-branches="781"/>
						<line number="783" hits="1"/>
						<line number="784" hits="1" branch="true" condition-coverage="100% (2/2)"/>
						<line number="785" hits="1" branch="true" condition-coverage="50% (1/2)" missing-branches="784"/>
						<line number="786" hits="1"/>
						<line number="787" hits="1" branch="true" condition-coverage="50% (1/2)" missing-branches="789"/>
						<line number="788" hits="1"/>
						<line number="789" hits="1" branch="true" condition-coverage="100% (2/2)"/>
						<line number="790" hits="1"/>
						<line number="797" hits="1"/>
						<line number="812" hits="1"/>
						<line number="861" hits="1"/>
						<line number="862" hits="1"/>
						<line number="863" hits="1"/>
						<line number="864" hits="1"/>
						<line number="865" hits="1" branch="true" condition-coverage="100% (2/2)"/>
						<line number="866" hits="1"/>
						<line number="867" hits="1"/>
						<line number="869" hits="1"/>
						<line number="870" hits="1" branch="true" condition-coverage="50% (1/2)" missing-branches="873"/>
						<line number="872" hits="1"/>
						<line number="873" hits="1"/>
						<line number="874" hits="1" branch="true" condition-coverage="50% (1/2)" missing-branches="875"/>
						<line number="875" hits="0"/>
						<line number="876" hits="0" branch="true" condition-coverage="0% (0/2)" missing-branches="877,879"/>
						<line number="877" hits="0"/>
						<line number="878" hits="0"/>
						<line number="879" hits="1"/>
						<line number="896" hits="1"/>
						<line number="909" hits="1"/>
						<line number="911" hits="1"/>
						<line number="912" hits="1"/>
						<line number="913" hits="1"/>
						<line number="914" hits="1"/>
						<line number="918" hits="1"/>
						<line number="919" hits="1"/>
						<line number="920" hits="1" branch="true" condition-coverage="100% (2/2)"/>
						<line number="921" hits="1" branch="true" condition-coverage="100% (2/2)"/>
						<line number="922" hits="1"/>
						<line number="937" hits="1" branch="true" condition-coverage="100% (2/2)"/>
						<line number="938" hits="1"/>
						<line number="953" hits="1" branch="true" condition-coverage="100% (2/2)"/>
						<line number="954" hits="1"/>
						<line number="969" hits="1" branch="true" condition-coverage="100% (2/2)"/>
						<line number="970" hits="1"/>
						<line number="985" hits="1"/>
						<line number="992" hits="1"/>
						<line number="993" hits="1"/>
						<line number="996" hits="1"/>
						<line number="1004" hits="1"/>
						<line number="1007" hits="1"/>
						<line number="1023" hits="1"/>
						<line number="1024" hits="1"/>
						<line number="1032" hits="1"/>
						<line number="1053" hits="1"/>
						<line number="1054" hits="1"/>
						<line number="1055" hits="1"/>
						<line number="1056" hits="1" branch="true" condition-coverage="100% (2/2)"/>
						<line number="1057" hits="1" branch="true" condition-coverage="100% (2/2)"/>
						<line number="1058" hits="1"/>
						<line number="1059" hits="1" branch="true" condition-coverage="100% (2/2)"/>
						<line number="1060" hits="1"/>
						<line number="1062" hits="1"/>
						<line number="1063" hits="1"/>
						<line number="1064" hits="1"/>
						<line number="1065" hits="1"/>
						<line number="1068" hits="1"/>
						<line number="1081" hits="1" branch="true" condition-coverage="50% (1/2)" missing-branches="1082"/>
						<line number="1082" hits="0"/>
						<line number="1083" hits="1" branch="true" condition-coverage="50% (1/2)" missing-branches="1085"/>
						<line number="1084" hits="1"/>
						<line number="1085" hits="1"/>
						<line number="1086" hits="1" branch="true" condition-coverage="50% (1/2)" missing-branches="1087"/>
						<line number="1087" hits="0"/>
						<line number="1088" hits="1"/>
						<line number="1096" hits="1"/>
						<line number="1119" hits="1" branch="true" condition-coverage="50% (1/2)" missing-branches="1120"/>
						<line number="1120" hits="0"/>
						<line number="1121" hits="1"/>
						<line number="1122" hits="1"/>
						<line number="1123" hits="1" branch="true" condition-coverage="100% (2/2)"/>
						<line number="1124" hits="1" branch="true" condition-coverage="100% (2/2)"/>
						<line number="1125" hits="1"/>
						<line number="1126" hits="1"/>
						<line number="1127" hits="1"/>
						<line number="1128" hits="1"/>
						<line number="1129" hits="1" branch="true" condition-coverage="100% (2/2)"/>
						<line number="1130" hits="1"/>
						<line number="1132" hits="1"/>
						<line number="1133" hits="1" branch="true" condition-coverage="100% (2/2)"/>
						<line number="1134" hits="1" branch="true" condition-coverage="50% (1/2)" missing-branches="1133"/>
						<line number="1135" hits="1"/>
						<line number="1136" hits="1"/>
						<line number="1137" hits="1"/>
						<line number="1140" hits="1"/>
						<line number="1153" hits="1"/>
						<line number="1154" hits="1"/>
						<line number="1155" hits="1"/>
						<line number="1156" hits="1"/>
						<line number="1158" hits="1" branch="true" condition-coverage="100% (2/2)"/>
						<line number="1159" hits="1" branch="true" condition-coverage="50% (1/2)" missing-branches="1160"/>
						<line number="1160" hits="0"/>
						<line number="1162" hits="1"/>
						<line number="1164" hits="1" branch="true" condition-coverage="50% (1/2)" missing-branches="1184"/>
						<line number="1165" hits="1"/>
						<line number="1169" hits="1"/>
						<line number="1170" hits="1" branch="true" condition-coverage="50% (1/2)" missing-branches="1172"/>
						<line number="1171" hits="1"/>
						<line number="1172" hits="1"/>
						<line number="1178" hits="1"/>
						<line number="1180" hits="1" branch="true" condition-coverage="50% (1/2)" missing-branches="1183"/>
						<line number="1181" hits="1" branch="true" condition-coverage="100% (2/2)"/>
						<line number="1182" hits="1"/>
						<line number="1183" hits="1"/>
						<line number="1184" hits="0"/>
						<line number="1187" hits="1"/>
						<line number="1202" hits="1"/>
						<line number="1203" hits="1" branch="true" condition-coverage="100% (2/2)"/>
						<line number="1204" hits="1"/>
						<line number="1210" hits="1"/>
						<line number="1228" hits="1"/>
						<line number="1229" hits="1"/>
						<line number="1230" hits="1"/>
						<line number="1232" hits="1" branch="true" condition-coverage="100% (2/2)"/>
						<line number="1233" hits="1" branch="true" condition-coverage="50% (1/2)" missing-branches="1232"/>
						<line number="1234" hits="1"/>
						<line number="1236" hits="1"/>
						<line number="1237" hits="1"/>
						<line number="1238" hits="1"/>
						<line number="1246" hits="1"/>
						<line number="1264" hits="1"/>
						<line number="1278" hits="1"/>
						<line number="1281" hits="1"/>
						<line number="1326" hits="1" branch="true" condition-coverage="100% (2/2)"/>
						<line number="1327" hits="1"/>
						<line number="1328" hits="1"/>
						<line number="1330" hits="1" branch="true" condition-coverage="50% (1/2)" missing-branches="1333"/>
						<line number="1331" hits="1"/>
						<line number="1333" hits="1"/>
						<line number="1334" hits="1" branch="true" condition-coverage="100% (2/2)"/>
						<line number="1335" hits="1"/>
						<line number="1336" hits="1"/>
						<line number="1338" hits="1"/>
						<line number="1341" hits="1"/>
						<line number="1345" hits="1" branch="true" condition-coverage="100% (2/2)"/>
						<line number="1346" hits="1"/>
						<line number="1348" hits="1"/>
						<line number="1349" hits="1"/>
						<line number="1352" hits="1" branch="true" condition-coverage="100% (2/2)"/>
						<line number="1353" hits="1"/>
						<line number="1358" hits="1"/>
						<line number="1361" hits="1" branch="true" condition-coverage="50% (1/2)" missing-branches="1362"/>
						<line number="1362" hits="0"/>
						<line number="1367" hits="0"/>
						<line number="1370" hits="1" branch="true" condition-coverage="100% (2/2)"/>
						<line number="1371" hits="1"/>
						<line number="1372" hits="1"/>
						<line number="1375" hits="1" branch="true" condition-coverage="50% (1/2)" missing-branches="1379"/>
						<line number="1376" hits="1"/>
						<line number="1377" hits="1"/>
						<line number="1379" hits="1" branch="true" condition-coverage="50% (1/2)" missing-branches="1380"/>
						<line number="1380" hits="0"/>
						<line number="1381" hits="0"/>
						<line number="1383" hits="1"/>
						<line number="1386" hits="1"/>
						<line number="1388" hits="1"/>
						<line number="1391" hits="1"/>
						<line number="1421" hits="1" branch="true" condition-coverage="100% (2/2)"/>
						<line number="1422" hits="1"/>
						<line number="1424" hits="1" branch="true" condition-coverage="100% (2/2)"/>
						<line number="1425" hits="1"/>
						<line number="1426" hits="1"/>
						<line number="1428" hits="1"/>
						<line number="1429" hits="1" branch="true" condition-coverage="50% (1/2)" missing-branches="1430"/>
						<line number="1430" hits="0"/>
						<line number="1431" hits="1"/>
						<line number="1433" hits="1"/>
						<line number="1435" hits="1"/>
						<line number="1440" hits="1" branch="true" condition-coverage="100% (2/2)"/>
						<line number="1441" hits="1"/>
						<line number="1442" hits="1" branch="true" condition-coverage="100% (2/2)"/>
						<line number="1443" hits="1"/>
						<line number="1445" hits="1" branch="true" condition-coverage="100% (2/2)"/>
						<line number="1446" hits="1"/>
						<line number="1448" hits="1"/>
						<line number="1449" hits="1"/>
						<line number="1451" hits="1"/>
						<line number="1454" hits="1"/>
						<line number="1498" hits="1" branch="true" condition-coverage="100% (2/2)"/>
						<line number="1499" hits="1"/>
						<line number="1500" hits="1"/>
						<line number="1502" hits="1"/>
						<line number="1503" hits="1" branch="true" condition-coverage="50% (1/2)" missing-branches="1504"/>
						<line number="1504" hits="0"/>
						<line number="1505" hits="1"/>
						<line number="1507" hits="1"/>
						<line number="1509" hits="1"/>
						<line number="1510" hits="1" branch="true" condition-coverage="100% (2/2)"/>
						<line number="1511" hits="1"/>
						<line number="1514" hits="1"/>
						<line number="1526" hits="1"/>
						<line number="1538" hits="1"/>
						<line number="1547" hits="1"/>
						<line number="1548" hits="1"/>
						<line number="1550" hits="1"/>
						<line number="1553" hits="1"/>
						<line number="1571" hits="1" branch="true" condition-coverage="100% (2/2)"/>
						<line number="1572" hits="1"/>
						<line number="1573" hits="1" branch="true" condition-coverage="50% (1/2)" missing-branches="1575"/>
						<line number="1574" hits="1"/>
						<line number="1575" hits="0" branch="true" condition-coverage="0% (0/2)" missing-branches="1576,1577"/>
						<line number="1576" hits="0"/>
						<line number="1577" hits="0" branch="true" condition-coverage="0% (0/2)" missing-branches="1578,1580"/>
						<line number="1578" hits="0"/>
						<line number="1580" hits="0"/>
					</lines>
				</class>
				<class name="vocabulary.py" filename="vocabulary.py" complexity="0" line-rate="0.8427" branch-rate="0.6818">
					<methods/>
					<lines>
						<line number="6" hits="1"/>
						<line number="8" hits="1"/>
						<line number="9" hits="1"/>
						<line number="10" hits="1"/>
						<line number="11" hits="1"/>
						<line number="12" hits="1"/>
						<line number="14" hits="1"/>
						<line number="15" hits="1"/>
						<line number="18" hits="1"/>
						<line number="69" hits="1" branch="true" condition-coverage="100% (2/2)"/>
						<line number="70" hits="1"/>
						<line number="71" hits="1" branch="true" condition-coverage="100% (2/2)"/>
						<line number="72" hits="1"/>
						<line number="77" hits="1"/>
						<line number="78" hits="1" branch="true" condition-coverage="100% (2/2)"/>
						<line number="79" hits="1"/>
						<line number="82" hits="1"/>
						<line number="84" hits="1"/>
						<line number="85" hits="1"/>
						<line number="87" hits="1" branch="true" condition-coverage="50% (1/2)" missing-branches="92"/>
						<line number="88" hits="1"/>
						<line number="89" hits="1"/>
						<line number="92" hits="1" branch="true" condition-coverage="50% (1/2)" missing-branches="93"/>
						<line number="93" hits="0"/>
						<line number="103" hits="1" branch="true" condition-coverage="100% (2/2)"/>
						<line number="104" hits="1"/>
						<line number="106" hits="1"/>
						<line number="107" hits="1"/>
						<line number="108" hits="1"/>
						<line number="109" hits="1" branch="true" condition-coverage="50% (1/2)" missing-branches="110"/>
						<line number="110" hits="0"/>
						<line number="111" hits="1" branch="true" condition-coverage="50% (1/2)" missing-branches="112"/>
						<line number="112" hits="0"/>
						<line number="113" hits="0" branch="true" condition-coverage="0% (0/2)" missing-branches="114,115"/>
						<line number="114" hits="0"/>
						<line number="115" hits="0"/>
						<line number="116" hits="1"/>
						<line number="121" hits="1"/>
						<line number="129" hits="1"/>
						<line number="131" hits="1"/>
						<line number="132" hits="1"/>
						<line number="133" hits="1" branch="true" condition-coverage="50% (1/2)" missing-branches="134"/>
						<line number="134" hits="0"/>
						<line number="139" hits="1"/>
						<line number="141" hits="1"/>
						<line number="142" hits="1"/>
						<line number="145" hits="1"/>
						<line number="146" hits="1"/>
						<line number="147" hits="1"/>
						<line number="150" hits="1"/>
						<line number="151" hits="1"/>
						<line number="152" hits="0"/>
						<line number="153" hits="0"/>
						<line number="155" hits="1" branch="true" condition-coverage="100% (2/2)"/>
						<line number="156" hits="1"/>
						<line number="161" hits="1"/>
						<line number="166" hits="1" branch="true" condition-coverage="100% (2/2)"/>
						<line number="167" hits="1"/>
						<line number="172" hits="1"/>
						<line number="174" hits="1"/>
						<line number="175" hits="1" branch="true" condition-coverage="100% (2/2)"/>
						<line number="176" hits="1"/>
						<line number="181" hits="1"/>
						<line number="186" hits="1"/>
						<line number="188" hits="1" branch="true" condition-coverage="100% (2/2)"/>
						<line number="189" hits="1" branch="true" condition-coverage="50% (1/2)" missing-branches="190"/>
						<line number="190" hits="0"/>
						<line number="192" hits="1"/>
						<line number="193" hits="1"/>
						<line number="194" hits="1"/>
						<line number="196" hits="1"/>
						<line number="197" hits="1" branch="true" condition-coverage="50% (1/2)" missing-branches="198"/>
						<line number="198" hits="0"/>
						<line number="200" hits="1" branch="true" condition-coverage="100% (2/2)"/>
						<line number="201" hits="1" branch="true" condition-coverage="50% (1/2)" missing-branches="202"/>
						<line number="202" hits="0"/>
						<line number="204" hits="1"/>
						<line number="220" hits="1"/>
						<line number="222" hits="1" branch="true" condition-coverage="50% (1/2)" missing-branches="223"/>
						<line number="223" hits="0"/>
						<line number="226" hits="0"/>
						<line number="228" hits="1"/>
						<line number="230" hits="1" branch="true" condition-coverage="50% (1/2)" missing-branches="234"/>
						<line number="231" hits="1"/>
						<line number="234" hits="1" branch="true" condition-coverage="50% (1/2)" missing-branches="239"/>
						<line number="235" hits="1"/>
						<line number="236" hits="1" branch="true" condition-coverage="50% (1/2)" missing-branches="239"/>
						<line number="237" hits="1"/>
						<line number="239" hits="1"/>
					</lines>
				</class>
			</classes>
		</package>
	</packages>
</coverage>
